[16-04-2020 19:06:22] PayPal\Core\PayPalHttpConnection : INFO: POST https://api.sandbox.paypal.com/v1/oauth2/token
[16-04-2020 19:06:23] PayPal\Core\PayPalHttpConnection : INFO: Response Status 	: 200
[16-04-2020 19:06:23] PayPal\Core\PayPalHttpConnection : INFO: POST https://api.sandbox.paypal.com/v1/payments/payment
[16-04-2020 19:06:23] PayPal\Core\PayPalHttpConnection : INFO: Response Status 	: 201
[16-04-2020 19:15:11] PayPal\Core\PayPalHttpConnection : INFO: POST https://api.sandbox.paypal.com/v1/oauth2/token
[16-04-2020 19:15:11] PayPal\Core\PayPalHttpConnection : INFO: Response Status 	: 200
[16-04-2020 19:15:11] PayPal\Core\PayPalHttpConnection : INFO: POST https://api.sandbox.paypal.com/v1/payments/payment
[16-04-2020 19:15:12] PayPal\Core\PayPalHttpConnection : INFO: Response Status 	: 201
[16-04-2020 19:15:53] PayPal\Core\PayPalHttpConnection : INFO: POST https://api.sandbox.paypal.com/v1/oauth2/token
[16-04-2020 19:15:54] PayPal\Core\PayPalHttpConnection : INFO: Response Status 	: 200
[16-04-2020 19:15:54] PayPal\Core\PayPalHttpConnection : INFO: GET https://api.sandbox.paypal.com/v1/payments/payment/PAYID-L2MGC2A83L1341820826121X
[16-04-2020 19:15:54] PayPal\Core\PayPalHttpConnection : INFO: Response Status 	: 404
[16-04-2020 19:15:54] PayPal\Core\PayPalHttpConnection : ERROR: Got Http response code 404 when accessing https://api.sandbox.paypal.com/v1/payments/payment/PAYID-L2MGC2A83L1341820826121X. {"name":"INVALID_RESOURCE_ID","message":"Requested resource ID was not found.","information_link":"https://developer.paypal.com/docs/api/payments/#errors","debug_id":"28f69f438ba57"}
[16-04-2020 19:16:49] PayPal\Core\PayPalHttpConnection : INFO: POST https://api.sandbox.paypal.com/v1/oauth2/token
[16-04-2020 19:16:49] PayPal\Core\PayPalHttpConnection : INFO: Response Status 	: 200
[16-04-2020 19:16:49] PayPal\Core\PayPalHttpConnection : INFO: GET https://api.sandbox.paypal.com/v1/payments/payment/PAYID-L2MGC2A83L1341820826121X
[16-04-2020 19:16:50] PayPal\Core\PayPalHttpConnection : INFO: Response Status 	: 200
[16-04-2020 19:16:50] PayPal\Core\PayPalHttpConnection : INFO: POST https://api.sandbox.paypal.com/v1/payments/payment/PAYID-L2MGC2A83L1341820826121X/execute
[16-04-2020 19:16:50] PayPal\Core\PayPalHttpConnection : INFO: Response Status 	: 404
[16-04-2020 19:16:50] PayPal\Core\PayPalHttpConnection : ERROR: Got Http response code 404 when accessing https://api.sandbox.paypal.com/v1/payments/payment/PAYID-L2MGC2A83L1341820826121X/execute. {"name":"INVALID_RESOURCE_ID","message":"Requested resource ID was not found.","information_link":"https://developer.paypal.com/docs/api/payments/#errors","debug_id":"30174200bfcf7"}
[16-04-2020 19:17:39] PayPal\Core\PayPalHttpConnection : INFO: POST https://api.sandbox.paypal.com/v1/oauth2/token
[16-04-2020 19:17:39] PayPal\Core\PayPalHttpConnection : INFO: Response Status 	: 200
[16-04-2020 19:17:39] PayPal\Core\PayPalHttpConnection : INFO: POST https://api.sandbox.paypal.com/v1/payments/payment
[16-04-2020 19:17:40] PayPal\Core\PayPalHttpConnection : INFO: Response Status 	: 201
[16-04-2020 19:21:04] PayPal\Core\PayPalHttpConnection : INFO: POST https://api.sandbox.paypal.com/v1/oauth2/token
[16-04-2020 19:21:04] PayPal\Core\PayPalHttpConnection : INFO: Response Status 	: 200
[16-04-2020 19:21:04] PayPal\Core\PayPalHttpConnection : INFO: POST https://api.sandbox.paypal.com/v1/payments/payment
[16-04-2020 19:21:05] PayPal\Core\PayPalHttpConnection : INFO: Response Status 	: 201
[16-04-2020 19:33:41] PayPal\Core\PayPalHttpConnection : INFO: POST https://api.sandbox.paypal.com/v1/oauth2/token
[16-04-2020 19:33:42] PayPal\Core\PayPalHttpConnection : INFO: Response Status 	: 200
[16-04-2020 19:33:42] PayPal\Core\PayPalHttpConnection : INFO: POST https://api.sandbox.paypal.com/v1/payments/payment
[16-04-2020 19:33:43] PayPal\Core\PayPalHttpConnection : INFO: Response Status 	: 201
[16-04-2020 19:34:09] PayPal\Core\PayPalHttpConnection : INFO: POST https://api.sandbox.paypal.com/v1/oauth2/token
[16-04-2020 19:34:10] PayPal\Core\PayPalHttpConnection : INFO: Response Status 	: 200
[16-04-2020 19:34:10] PayPal\Core\PayPalHttpConnection : INFO: GET https://api.sandbox.paypal.com/v1/payments/payment/PAYID-L2MGLPY2S644864EX315781N
[16-04-2020 19:34:10] PayPal\Core\PayPalHttpConnection : INFO: Response Status 	: 404
[16-04-2020 19:34:10] PayPal\Core\PayPalHttpConnection : ERROR: Got Http response code 404 when accessing https://api.sandbox.paypal.com/v1/payments/payment/PAYID-L2MGLPY2S644864EX315781N. {"name":"INVALID_RESOURCE_ID","message":"Requested resource ID was not found.","information_link":"https://developer.paypal.com/docs/api/payments/#errors","debug_id":"59c31bae4e742"}
[16-04-2020 20:06:54] PayPal\Core\PayPalHttpConnection : INFO: POST https://api.sandbox.paypal.com/v1/oauth2/token
[16-04-2020 20:06:55] PayPal\Core\PayPalHttpConnection : INFO: Response Status 	: 200
[16-04-2020 20:06:55] PayPal\Core\PayPalHttpConnection : INFO: POST https://api.sandbox.paypal.com/v1/payments/payment
[16-04-2020 20:06:55] PayPal\Core\PayPalHttpConnection : INFO: Response Status 	: 201
[16-04-2020 20:07:19] PayPal\Core\PayPalHttpConnection : INFO: POST https://api.sandbox.paypal.com/v1/oauth2/token
[16-04-2020 20:07:19] PayPal\Core\PayPalHttpConnection : INFO: Response Status 	: 200
[16-04-2020 20:07:19] PayPal\Core\PayPalHttpConnection : INFO: POST https://api.sandbox.paypal.com/v1/payments/payment
[16-04-2020 20:07:20] PayPal\Core\PayPalHttpConnection : INFO: Response Status 	: 201
[16-04-2020 20:07:42] PayPal\Core\PayPalHttpConnection : INFO: POST https://api.sandbox.paypal.com/v1/oauth2/token
[16-04-2020 20:07:43] PayPal\Core\PayPalHttpConnection : INFO: Response Status 	: 200
[16-04-2020 20:07:43] PayPal\Core\PayPalHttpConnection : INFO: GET https://api.sandbox.paypal.com/v1/payments/payment/PAYID-L2MG3IA591784649E4805433
[16-04-2020 20:07:43] PayPal\Core\PayPalHttpConnection : INFO: Response Status 	: 200
[16-04-2020 20:07:43] PayPal\Core\PayPalHttpConnection : INFO: POST https://api.sandbox.paypal.com/v1/payments/payment/PAYID-L2MG3IA591784649E4805433/execute
[16-04-2020 20:07:45] PayPal\Core\PayPalHttpConnection : INFO: Response Status 	: 200
[16-04-2020 20:41:24] PayPal\Core\PayPalHttpConnection : INFO: POST https://api.sandbox.paypal.com/v1/oauth2/token
[16-04-2020 20:41:24] PayPal\Core\PayPalHttpConnection : INFO: Response Status 	: 200
[16-04-2020 20:41:24] PayPal\Core\PayPalHttpConnection : INFO: POST https://api.sandbox.paypal.com/v1/payments/payment
[16-04-2020 20:41:25] PayPal\Core\PayPalHttpConnection : INFO: Response Status 	: 201
[16-04-2020 20:42:09] PayPal\Core\PayPalHttpConnection : INFO: POST https://api.sandbox.paypal.com/v1/oauth2/token
[16-04-2020 20:42:10] PayPal\Core\PayPalHttpConnection : INFO: Response Status 	: 200
[16-04-2020 20:42:10] PayPal\Core\PayPalHttpConnection : INFO: POST https://api.sandbox.paypal.com/v1/payments/payment
[16-04-2020 20:42:13] PayPal\Core\PayPalHttpConnection : INFO: Response Status 	: 201
[17-04-2020 17:28:53] PayPal\Core\PayPalHttpConnection : INFO: POST https://api.sandbox.paypal.com/v1/oauth2/token
[17-04-2020 17:28:54] PayPal\Core\PayPalHttpConnection : INFO: Response Status 	: 200
[17-04-2020 17:28:54] PayPal\Core\PayPalHttpConnection : INFO: POST https://api.sandbox.paypal.com/v1/payments/payment
[17-04-2020 17:28:55] PayPal\Core\PayPalHttpConnection : INFO: Response Status 	: 201
[17-04-2020 17:29:26] PayPal\Core\PayPalHttpConnection : INFO: POST https://api.sandbox.paypal.com/v1/oauth2/token
[17-04-2020 17:29:27] PayPal\Core\PayPalHttpConnection : INFO: Response Status 	: 200
[17-04-2020 17:29:27] PayPal\Core\PayPalHttpConnection : INFO: GET https://api.sandbox.paypal.com/v1/payments/payment/PAYID-L2MZT7Y1JN01919R2695222Y
[17-04-2020 17:29:27] PayPal\Core\PayPalHttpConnection : INFO: Response Status 	: 404
[17-04-2020 17:29:27] PayPal\Core\PayPalHttpConnection : ERROR: Got Http response code 404 when accessing https://api.sandbox.paypal.com/v1/payments/payment/PAYID-L2MZT7Y1JN01919R2695222Y. {"name":"INVALID_RESOURCE_ID","message":"Requested resource ID was not found.","information_link":"https://developer.paypal.com/docs/api/payments/#errors","debug_id":"db58e99654c4c"}
[17-04-2020 17:30:52] PayPal\Core\PayPalHttpConnection : INFO: POST https://api.sandbox.paypal.com/v1/oauth2/token
[17-04-2020 17:30:53] PayPal\Core\PayPalHttpConnection : INFO: Response Status 	: 200
[17-04-2020 17:30:53] PayPal\Core\PayPalHttpConnection : INFO: GET https://api.sandbox.paypal.com/v1/payments/payment/PAYID-L2MZT7Y1JN01919R2695222Y
[17-04-2020 17:30:54] PayPal\Core\PayPalHttpConnection : INFO: Response Status 	: 200
[17-04-2020 17:30:54] PayPal\Core\PayPalHttpConnection : INFO: POST https://api.sandbox.paypal.com/v1/payments/payment/PAYID-L2MZT7Y1JN01919R2695222Y/execute
[17-04-2020 17:30:56] PayPal\Core\PayPalHttpConnection : INFO: Response Status 	: 200
[17-04-2020 17:33:41] PayPal\Core\PayPalHttpConnection : INFO: POST https://api.sandbox.paypal.com/v1/oauth2/token
[17-04-2020 17:33:42] PayPal\Core\PayPalHttpConnection : INFO: Response Status 	: 200
[17-04-2020 17:33:42] PayPal\Core\PayPalHttpConnection : INFO: POST https://api.sandbox.paypal.com/v1/payments/payment
[17-04-2020 17:33:42] PayPal\Core\PayPalHttpConnection : INFO: Response Status 	: 201
[17-04-2020 17:34:03] PayPal\Core\PayPalHttpConnection : INFO: POST https://api.sandbox.paypal.com/v1/oauth2/token
[17-04-2020 17:34:04] PayPal\Core\PayPalHttpConnection : INFO: Response Status 	: 200
[17-04-2020 17:34:04] PayPal\Core\PayPalHttpConnection : INFO: GET https://api.sandbox.paypal.com/v1/payments/payment/PAYID-L2MZWHQ8PF96809855853229
[17-04-2020 17:34:04] PayPal\Core\PayPalHttpConnection : INFO: Response Status 	: 200
[17-04-2020 17:34:04] PayPal\Core\PayPalHttpConnection : INFO: POST https://api.sandbox.paypal.com/v1/payments/payment/PAYID-L2MZWHQ8PF96809855853229/execute
[17-04-2020 17:34:06] PayPal\Core\PayPalHttpConnection : INFO: Response Status 	: 200
[21-04-2020 10:07:40] PayPal\Core\PayPalHttpConnection : INFO: POST https://api.sandbox.paypal.com/v1/oauth2/token
[21-04-2020 10:07:41] PayPal\Core\PayPalHttpConnection : INFO: Response Status 	: 200
[21-04-2020 10:07:41] PayPal\Core\PayPalHttpConnection : INFO: POST https://api.sandbox.paypal.com/v1/payments/payment
[21-04-2020 10:07:42] PayPal\Core\PayPalHttpConnection : INFO: Response Status 	: 201
[21-04-2020 10:10:19] PayPal\Core\PayPalHttpConnection : INFO: POST https://api.sandbox.paypal.com/v1/oauth2/token
[21-04-2020 10:10:20] PayPal\Core\PayPalHttpConnection : INFO: Response Status 	: 200
[21-04-2020 10:10:20] PayPal\Core\PayPalHttpConnection : INFO: GET https://api.sandbox.paypal.com/v1/payments/payment/PAYID-L2PHRFQ7LD73702DV3975139
[21-04-2020 10:10:20] PayPal\Core\PayPalHttpConnection : INFO: Response Status 	: 200
[21-04-2020 10:10:20] PayPal\Core\PayPalHttpConnection : INFO: POST https://api.sandbox.paypal.com/v1/payments/payment/PAYID-L2PHRFQ7LD73702DV3975139/execute
[21-04-2020 10:10:22] PayPal\Core\PayPalHttpConnection : INFO: Response Status 	: 200
[21-04-2020 10:18:24] PayPal\Core\PayPalHttpConnection : INFO: POST https://api.sandbox.paypal.com/v1/oauth2/token
[21-04-2020 10:18:25] PayPal\Core\PayPalHttpConnection : INFO: Response Status 	: 200
[21-04-2020 10:18:25] PayPal\Core\PayPalHttpConnection : INFO: POST https://api.sandbox.paypal.com/v1/payments/payment
[21-04-2020 10:18:25] PayPal\Core\PayPalHttpConnection : INFO: Response Status 	: 201
[21-04-2020 10:20:32] PayPal\Core\PayPalHttpConnection : INFO: POST https://api.sandbox.paypal.com/v1/oauth2/token
[21-04-2020 10:20:32] PayPal\Core\PayPalHttpConnection : INFO: Response Status 	: 200
[21-04-2020 10:20:32] PayPal\Core\PayPalHttpConnection : INFO: GET https://api.sandbox.paypal.com/v1/payments/payment/PAYID-L2PHWGI9EH85203UG7862327
[21-04-2020 10:20:33] PayPal\Core\PayPalHttpConnection : INFO: Response Status 	: 200
[21-04-2020 10:20:33] PayPal\Core\PayPalHttpConnection : INFO: POST https://api.sandbox.paypal.com/v1/payments/payment/PAYID-L2PHWGI9EH85203UG7862327/execute
[21-04-2020 10:20:35] PayPal\Core\PayPalHttpConnection : INFO: Response Status 	: 200
[21-04-2020 19:26:12] PayPal\Core\PayPalHttpConnection : INFO: POST https://api.sandbox.paypal.com/v1/oauth2/token
[21-04-2020 19:26:13] PayPal\Core\PayPalHttpConnection : INFO: Response Status 	: 200
[21-04-2020 19:26:13] PayPal\Core\PayPalHttpConnection : INFO: POST https://api.sandbox.paypal.com/v1/payments/payment
[21-04-2020 19:26:14] PayPal\Core\PayPalHttpConnection : INFO: Response Status 	: 201
[21-04-2020 19:26:53] PayPal\Core\PayPalHttpConnection : INFO: POST https://api.sandbox.paypal.com/v1/oauth2/token
[21-04-2020 19:26:53] PayPal\Core\PayPalHttpConnection : INFO: Response Status 	: 200
[21-04-2020 19:26:53] PayPal\Core\PayPalHttpConnection : INFO: GET https://api.sandbox.paypal.com/v1/payments/payment/PAYID-L2PPW7Q95962649LD718232W
[21-04-2020 19:26:54] PayPal\Core\PayPalHttpConnection : INFO: Response Status 	: 200
[21-04-2020 19:26:54] PayPal\Core\PayPalHttpConnection : INFO: POST https://api.sandbox.paypal.com/v1/payments/payment/PAYID-L2PPW7Q95962649LD718232W/execute
[21-04-2020 19:26:56] PayPal\Core\PayPalHttpConnection : INFO: Response Status 	: 200
[22-04-2020 18:16:34] PayPal\Core\PayPalHttpConnection : INFO: POST https://api.sandbox.paypal.com/v1/oauth2/token
[22-04-2020 18:16:34] PayPal\Core\PayPalHttpConnection : INFO: Response Status 	: 200
[22-04-2020 18:16:34] PayPal\Core\PayPalHttpConnection : INFO: POST https://api.sandbox.paypal.com/v1/payments/payment
[22-04-2020 18:16:35] PayPal\Core\PayPalHttpConnection : INFO: Response Status 	: 201
[22-04-2020 18:17:16] PayPal\Core\PayPalHttpConnection : INFO: POST https://api.sandbox.paypal.com/v1/oauth2/token
[22-04-2020 18:17:16] PayPal\Core\PayPalHttpConnection : INFO: Response Status 	: 200
[22-04-2020 18:17:16] PayPal\Core\PayPalHttpConnection : INFO: GET https://api.sandbox.paypal.com/v1/payments/payment/PAYID-L2QDZKY5E46583853725503J
[22-04-2020 18:17:16] PayPal\Core\PayPalHttpConnection : INFO: Response Status 	: 200
[22-04-2020 18:17:16] PayPal\Core\PayPalHttpConnection : INFO: POST https://api.sandbox.paypal.com/v1/payments/payment/PAYID-L2QDZKY5E46583853725503J/execute
[22-04-2020 18:17:19] PayPal\Core\PayPalHttpConnection : INFO: Response Status 	: 200
[22-04-2020 19:15:50] PayPal\Core\PayPalHttpConnection : INFO: POST https://api.sandbox.paypal.com/v1/oauth2/token
[22-04-2020 19:15:51] PayPal\Core\PayPalHttpConnection : INFO: Response Status 	: 200
[22-04-2020 19:15:51] PayPal\Core\PayPalHttpConnection : INFO: POST https://api.sandbox.paypal.com/v1/payments/payment
[22-04-2020 19:15:52] PayPal\Core\PayPalHttpConnection : INFO: Response Status 	: 201
[22-04-2020 19:17:07] PayPal\Core\PayPalHttpConnection : INFO: POST https://api.sandbox.paypal.com/v1/oauth2/token
[22-04-2020 19:17:07] PayPal\Core\PayPalHttpConnection : INFO: Response Status 	: 200
[22-04-2020 19:17:07] PayPal\Core\PayPalHttpConnection : INFO: GET https://api.sandbox.paypal.com/v1/payments/payment/PAYID-L2QEVEA7MB8458303007125X
[22-04-2020 19:17:08] PayPal\Core\PayPalHttpConnection : INFO: Response Status 	: 200
[22-04-2020 19:17:08] PayPal\Core\PayPalHttpConnection : INFO: POST https://api.sandbox.paypal.com/v1/payments/payment/PAYID-L2QEVEA7MB8458303007125X/execute
[22-04-2020 19:17:10] PayPal\Core\PayPalHttpConnection : INFO: Response Status 	: 200
[23-04-2020 11:03:14] PayPal\Core\PayPalHttpConnection : INFO: POST https://api.sandbox.paypal.com/v1/oauth2/token
[23-04-2020 11:03:15] PayPal\Core\PayPalHttpConnection : INFO: Response Status 	: 200
[23-04-2020 11:03:15] PayPal\Core\PayPalHttpConnection : INFO: POST https://api.sandbox.paypal.com/v1/payments/payment
[23-04-2020 11:03:16] PayPal\Core\PayPalHttpConnection : INFO: Response Status 	: 201
[23-04-2020 11:04:12] PayPal\Core\PayPalHttpConnection : INFO: POST https://api.sandbox.paypal.com/v1/oauth2/token
[23-04-2020 11:04:13] PayPal\Core\PayPalHttpConnection : INFO: Response Status 	: 200
[23-04-2020 11:04:13] PayPal\Core\PayPalHttpConnection : INFO: GET https://api.sandbox.paypal.com/v1/payments/payment/PAYID-L2QSRHA2RC35061S3686692T
[23-04-2020 11:04:13] PayPal\Core\PayPalHttpConnection : INFO: Response Status 	: 404
[23-04-2020 11:04:13] PayPal\Core\PayPalHttpConnection : ERROR: Got Http response code 404 when accessing https://api.sandbox.paypal.com/v1/payments/payment/PAYID-L2QSRHA2RC35061S3686692T. {"name":"INVALID_RESOURCE_ID","message":"Requested resource ID was not found.","information_link":"https://developer.paypal.com/docs/api/payments/#errors","debug_id":"2bbdb387bfb07"}
[23-04-2020 11:05:04] PayPal\Core\PayPalHttpConnection : INFO: POST https://api.sandbox.paypal.com/v1/oauth2/token
[23-04-2020 11:05:04] PayPal\Core\PayPalHttpConnection : INFO: Response Status 	: 200
[23-04-2020 11:05:04] PayPal\Core\PayPalHttpConnection : INFO: GET https://api.sandbox.paypal.com/v1/payments/payment/PAYID-L2QSRHA2RC35061S3686692T
[23-04-2020 11:05:05] PayPal\Core\PayPalHttpConnection : INFO: Response Status 	: 200
[23-04-2020 11:05:05] PayPal\Core\PayPalHttpConnection : INFO: POST https://api.sandbox.paypal.com/v1/payments/payment/PAYID-L2QSRHA2RC35061S3686692T/execute
[23-04-2020 11:05:07] PayPal\Core\PayPalHttpConnection : INFO: Response Status 	: 200
[23-04-2020 12:30:28] PayPal\Core\PayPalHttpConnection : INFO: POST https://api.sandbox.paypal.com/v1/oauth2/token
[23-04-2020 12:30:28] PayPal\Core\PayPalHttpConnection : INFO: Response Status 	: 200
[23-04-2020 12:30:28] PayPal\Core\PayPalHttpConnection : INFO: POST https://api.sandbox.paypal.com/v1/payments/payment
[23-04-2020 12:30:29] PayPal\Core\PayPalHttpConnection : INFO: Response Status 	: 201
[23-04-2020 12:31:00] PayPal\Core\PayPalHttpConnection : INFO: POST https://api.sandbox.paypal.com/v1/oauth2/token
[23-04-2020 12:31:01] PayPal\Core\PayPalHttpConnection : INFO: Response Status 	: 200
[23-04-2020 12:31:01] PayPal\Core\PayPalHttpConnection : INFO: POST https://api.sandbox.paypal.com/v1/payments/payment
[23-04-2020 12:31:01] PayPal\Core\PayPalHttpConnection : INFO: Response Status 	: 201
[23-04-2020 12:31:24] PayPal\Core\PayPalHttpConnection : INFO: POST https://api.sandbox.paypal.com/v1/oauth2/token
[23-04-2020 12:31:24] PayPal\Core\PayPalHttpConnection : INFO: Response Status 	: 200
[23-04-2020 12:31:24] PayPal\Core\PayPalHttpConnection : INFO: POST https://api.sandbox.paypal.com/v1/payments/payment
[23-04-2020 12:31:25] PayPal\Core\PayPalHttpConnection : INFO: Response Status 	: 201
[23-04-2020 12:32:03] PayPal\Core\PayPalHttpConnection : INFO: POST https://api.sandbox.paypal.com/v1/oauth2/token
[23-04-2020 12:32:04] PayPal\Core\PayPalHttpConnection : INFO: Response Status 	: 200
[23-04-2020 12:32:04] PayPal\Core\PayPalHttpConnection : INFO: POST https://api.sandbox.paypal.com/v1/payments/payment
[23-04-2020 12:32:05] PayPal\Core\PayPalHttpConnection : INFO: Response Status 	: 201
[23-04-2020 12:34:40] PayPal\Core\PayPalHttpConnection : INFO: POST https://api.sandbox.paypal.com/v1/oauth2/token
[23-04-2020 12:34:40] PayPal\Core\PayPalHttpConnection : INFO: Response Status 	: 200
[23-04-2020 12:34:40] PayPal\Core\PayPalHttpConnection : INFO: GET https://api.sandbox.paypal.com/v1/payments/payment/PAYID-L2QT23I57N49026E1824515H
[23-04-2020 12:34:41] PayPal\Core\PayPalHttpConnection : INFO: Response Status 	: 200
[23-04-2020 12:34:41] PayPal\Core\PayPalHttpConnection : INFO: POST https://api.sandbox.paypal.com/v1/payments/payment/PAYID-L2QT23I57N49026E1824515H/execute
[23-04-2020 12:34:43] PayPal\Core\PayPalHttpConnection : INFO: Response Status 	: 200
[23-04-2020 17:54:46] PayPal\Core\PayPalHttpConnection : INFO: POST https://api.sandbox.paypal.com/v1/oauth2/token
[23-04-2020 17:54:47] PayPal\Core\PayPalHttpConnection : INFO: Response Status 	: 200
[23-04-2020 17:54:47] PayPal\Core\PayPalHttpConnection : INFO: POST https://api.sandbox.paypal.com/v1/payments/payment
[23-04-2020 17:54:48] PayPal\Core\PayPalHttpConnection : INFO: Response Status 	: 201
[23-04-2020 17:57:06] PayPal\Core\PayPalHttpConnection : INFO: POST https://api.sandbox.paypal.com/v1/oauth2/token
[23-04-2020 17:57:07] PayPal\Core\PayPalHttpConnection : INFO: Response Status 	: 200
[23-04-2020 17:57:07] PayPal\Core\PayPalHttpConnection : INFO: POST https://api.sandbox.paypal.com/v1/payments/payment
[23-04-2020 17:57:08] PayPal\Core\PayPalHttpConnection : INFO: Response Status 	: 201
[23-04-2020 18:01:14] PayPal\Core\PayPalHttpConnection : INFO: POST https://api.sandbox.paypal.com/v1/oauth2/token
[23-04-2020 18:01:14] PayPal\Core\PayPalHttpConnection : INFO: Response Status 	: 200
[23-04-2020 18:01:14] PayPal\Core\PayPalHttpConnection : INFO: GET https://api.sandbox.paypal.com/v1/payments/payment/PAYID-L2QYTHA93G23968DN383363H
[23-04-2020 18:01:15] PayPal\Core\PayPalHttpConnection : INFO: Response Status 	: 200
[23-04-2020 18:01:15] PayPal\Core\PayPalHttpConnection : INFO: POST https://api.sandbox.paypal.com/v1/payments/payment/PAYID-L2QYTHA93G23968DN383363H/execute
[23-04-2020 18:01:17] PayPal\Core\PayPalHttpConnection : INFO: Response Status 	: 200
[23-04-2020 18:01:52] PayPal\Core\PayPalHttpConnection : INFO: POST https://api.sandbox.paypal.com/v1/oauth2/token
[23-04-2020 18:01:53] PayPal\Core\PayPalHttpConnection : INFO: Response Status 	: 200
[23-04-2020 18:01:53] PayPal\Core\PayPalHttpConnection : INFO: POST https://api.sandbox.paypal.com/v1/payments/payment
[23-04-2020 18:01:54] PayPal\Core\PayPalHttpConnection : INFO: Response Status 	: 201
[23-04-2020 18:20:49] PayPal\Core\PayPalHttpConnection : INFO: POST https://api.sandbox.paypal.com/v1/oauth2/token
[23-04-2020 18:20:49] PayPal\Core\PayPalHttpConnection : INFO: Response Status 	: 200
[23-04-2020 18:20:49] PayPal\Core\PayPalHttpConnection : INFO: GET https://api.sandbox.paypal.com/v1/payments/payment/PAYID-L2QYVOQ49N059982E563882K
[23-04-2020 18:20:49] PayPal\Core\PayPalHttpConnection : INFO: Response Status 	: 200
[23-04-2020 18:20:49] PayPal\Core\PayPalHttpConnection : INFO: POST https://api.sandbox.paypal.com/v1/payments/payment/PAYID-L2QYVOQ49N059982E563882K/execute
[23-04-2020 18:20:53] PayPal\Core\PayPalHttpConnection : INFO: Response Status 	: 200
[23-04-2020 18:34:50] PayPal\Core\PayPalHttpConnection : INFO: POST https://api.sandbox.paypal.com/v1/oauth2/token
[23-04-2020 18:34:50] PayPal\Core\PayPalHttpConnection : INFO: Response Status 	: 200
[23-04-2020 18:34:50] PayPal\Core\PayPalHttpConnection : INFO: POST https://api.sandbox.paypal.com/v1/payments/payment
[23-04-2020 18:34:51] PayPal\Core\PayPalHttpConnection : INFO: Response Status 	: 201
[23-04-2020 18:35:59] PayPal\Core\PayPalHttpConnection : INFO: POST https://api.sandbox.paypal.com/v1/oauth2/token
[23-04-2020 18:35:59] PayPal\Core\PayPalHttpConnection : INFO: Response Status 	: 200
[23-04-2020 18:35:59] PayPal\Core\PayPalHttpConnection : INFO: POST https://api.sandbox.paypal.com/v1/payments/payment
[23-04-2020 18:36:00] PayPal\Core\PayPalHttpConnection : INFO: Response Status 	: 201
[23-04-2020 18:37:10] PayPal\Core\PayPalHttpConnection : INFO: POST https://api.sandbox.paypal.com/v1/oauth2/token
[23-04-2020 18:37:10] PayPal\Core\PayPalHttpConnection : INFO: Response Status 	: 200
[23-04-2020 18:37:10] PayPal\Core\PayPalHttpConnection : INFO: GET https://api.sandbox.paypal.com/v1/payments/payment/PAYID-L2QZFOA94769505UC174613C
[23-04-2020 18:37:11] PayPal\Core\PayPalHttpConnection : INFO: Response Status 	: 200
[23-04-2020 18:37:11] PayPal\Core\PayPalHttpConnection : INFO: POST https://api.sandbox.paypal.com/v1/payments/payment/PAYID-L2QZFOA94769505UC174613C/execute
[23-04-2020 18:37:13] PayPal\Core\PayPalHttpConnection : INFO: Response Status 	: 200
[23-04-2020 18:43:39] PayPal\Core\PayPalHttpConnection : INFO: POST https://api.sandbox.paypal.com/v1/oauth2/token
[23-04-2020 18:43:40] PayPal\Core\PayPalHttpConnection : INFO: Response Status 	: 200
[23-04-2020 18:43:40] PayPal\Core\PayPalHttpConnection : INFO: POST https://api.sandbox.paypal.com/v1/payments/payment
[23-04-2020 18:43:41] PayPal\Core\PayPalHttpConnection : INFO: Response Status 	: 201
[24-04-2020 19:10:36] PayPal\Core\PayPalHttpConnection : INFO: POST https://api.sandbox.paypal.com/v1/oauth2/token
[24-04-2020 19:10:37] PayPal\Core\PayPalHttpConnection : INFO: Response Status 	: 200
[24-04-2020 19:10:37] PayPal\Core\PayPalHttpConnection : INFO: POST https://api.sandbox.paypal.com/v1/payments/payment
[24-04-2020 19:10:38] PayPal\Core\PayPalHttpConnection : INFO: Response Status 	: 201
[24-04-2020 19:11:10] PayPal\Core\PayPalHttpConnection : INFO: POST https://api.sandbox.paypal.com/v1/oauth2/token
[24-04-2020 19:11:10] PayPal\Core\PayPalHttpConnection : INFO: Response Status 	: 200
[24-04-2020 19:11:10] PayPal\Core\PayPalHttpConnection : INFO: GET https://api.sandbox.paypal.com/v1/payments/payment/PAYID-L2ROYVQ0SF79365P5943751N
[24-04-2020 19:11:11] PayPal\Core\PayPalHttpConnection : INFO: Response Status 	: 200
[24-04-2020 19:11:11] PayPal\Core\PayPalHttpConnection : INFO: POST https://api.sandbox.paypal.com/v1/payments/payment/PAYID-L2ROYVQ0SF79365P5943751N/execute
[24-04-2020 19:11:13] PayPal\Core\PayPalHttpConnection : INFO: Response Status 	: 200
[25-04-2020 13:30:47] PayPal\Core\PayPalHttpConnection : INFO: POST https://api.sandbox.paypal.com/v1/oauth2/token
[25-04-2020 13:30:48] PayPal\Core\PayPalHttpConnection : INFO: Response Status 	: 200
[25-04-2020 13:30:48] PayPal\Core\PayPalHttpConnection : INFO: POST https://api.sandbox.paypal.com/v1/payments/payment
[25-04-2020 13:30:49] PayPal\Core\PayPalHttpConnection : INFO: Response Status 	: 201
[25-04-2020 13:31:20] PayPal\Core\PayPalHttpConnection : INFO: POST https://api.sandbox.paypal.com/v1/oauth2/token
[25-04-2020 13:31:20] PayPal\Core\PayPalHttpConnection : INFO: Response Status 	: 200
[25-04-2020 13:31:20] PayPal\Core\PayPalHttpConnection : INFO: GET https://api.sandbox.paypal.com/v1/payments/payment/PAYID-L2R64MI4HS051110N9818344
[25-04-2020 13:31:20] PayPal\Core\PayPalHttpConnection : INFO: Response Status 	: 200
[25-04-2020 13:31:21] PayPal\Core\PayPalHttpConnection : INFO: POST https://api.sandbox.paypal.com/v1/payments/payment/PAYID-L2R64MI4HS051110N9818344/execute
[25-04-2020 13:31:23] PayPal\Core\PayPalHttpConnection : INFO: Response Status 	: 200
[25-04-2020 15:39:10] PayPal\Core\PayPalHttpConnection : INFO: POST https://api.sandbox.paypal.com/v1/oauth2/token
[25-04-2020 15:39:10] PayPal\Core\PayPalHttpConnection : INFO: Response Status 	: 200
[25-04-2020 15:39:10] PayPal\Core\PayPalHttpConnection : INFO: POST https://api.sandbox.paypal.com/v1/payments/payment
[25-04-2020 15:39:11] PayPal\Core\PayPalHttpConnection : INFO: Response Status 	: 201
[25-04-2020 15:39:40] PayPal\Core\PayPalHttpConnection : INFO: POST https://api.sandbox.paypal.com/v1/oauth2/token
[25-04-2020 15:39:41] PayPal\Core\PayPalHttpConnection : INFO: Response Status 	: 200
[25-04-2020 15:39:41] PayPal\Core\PayPalHttpConnection : INFO: GET https://api.sandbox.paypal.com/v1/payments/payment/PAYID-L2SAYRY41A837698D759061C
[25-04-2020 15:39:41] PayPal\Core\PayPalHttpConnection : INFO: Response Status 	: 200
[25-04-2020 15:39:41] PayPal\Core\PayPalHttpConnection : INFO: POST https://api.sandbox.paypal.com/v1/payments/payment/PAYID-L2SAYRY41A837698D759061C/execute
[25-04-2020 15:39:44] PayPal\Core\PayPalHttpConnection : INFO: Response Status 	: 200
[25-04-2020 16:19:16] PayPal\Core\PayPalHttpConnection : INFO: POST https://api.sandbox.paypal.com/v1/oauth2/token
[25-04-2020 16:19:16] PayPal\Core\PayPalHttpConnection : INFO: Response Status 	: 200
[25-04-2020 16:19:16] PayPal\Core\PayPalHttpConnection : INFO: POST https://api.sandbox.paypal.com/v1/payments/payment
[25-04-2020 16:19:17] PayPal\Core\PayPalHttpConnection : INFO: Response Status 	: 201
[25-04-2020 16:21:16] PayPal\Core\PayPalHttpConnection : INFO: POST https://api.sandbox.paypal.com/v1/oauth2/token
[25-04-2020 16:21:17] PayPal\Core\PayPalHttpConnection : INFO: Response Status 	: 200
[25-04-2020 16:21:17] PayPal\Core\PayPalHttpConnection : INFO: POST https://api.sandbox.paypal.com/v1/payments/payment
[25-04-2020 16:21:18] PayPal\Core\PayPalHttpConnection : INFO: Response Status 	: 201
[25-04-2020 16:21:23] PayPal\Core\PayPalHttpConnection : INFO: POST https://api.sandbox.paypal.com/v1/oauth2/token
[25-04-2020 16:21:24] PayPal\Core\PayPalHttpConnection : INFO: Response Status 	: 200
[25-04-2020 16:21:24] PayPal\Core\PayPalHttpConnection : INFO: GET https://api.sandbox.paypal.com/v1/payments/payment/PAYID-L2SBLLI3JW89284TD9119012
[25-04-2020 16:21:24] PayPal\Core\PayPalHttpConnection : INFO: Response Status 	: 200
[25-04-2020 16:21:24] PayPal\Core\PayPalHttpConnection : INFO: POST https://api.sandbox.paypal.com/v1/payments/payment/PAYID-L2SBLLI3JW89284TD9119012/execute
[25-04-2020 16:21:27] PayPal\Core\PayPalHttpConnection : INFO: Response Status 	: 200
[25-04-2020 16:31:23] PayPal\Core\PayPalHttpConnection : INFO: POST https://api.sandbox.paypal.com/v1/oauth2/token
[25-04-2020 16:31:24] PayPal\Core\PayPalHttpConnection : INFO: Response Status 	: 200
[25-04-2020 16:31:24] PayPal\Core\PayPalHttpConnection : INFO: POST https://api.sandbox.paypal.com/v1/payments/payment
[25-04-2020 16:31:24] PayPal\Core\PayPalHttpConnection : INFO: Response Status 	: 201
[25-04-2020 16:32:12] PayPal\Core\PayPalHttpConnection : INFO: POST https://api.sandbox.paypal.com/v1/oauth2/token
[25-04-2020 16:32:12] PayPal\Core\PayPalHttpConnection : INFO: Response Status 	: 200
[25-04-2020 16:32:12] PayPal\Core\PayPalHttpConnection : INFO: GET https://api.sandbox.paypal.com/v1/payments/payment/PAYID-L2SBRBA6J760330CK663603P
[25-04-2020 16:32:13] PayPal\Core\PayPalHttpConnection : INFO: Response Status 	: 200
[25-04-2020 16:32:13] PayPal\Core\PayPalHttpConnection : INFO: POST https://api.sandbox.paypal.com/v1/payments/payment/PAYID-L2SBRBA6J760330CK663603P/execute
[25-04-2020 16:32:15] PayPal\Core\PayPalHttpConnection : INFO: Response Status 	: 200
[25-04-2020 16:35:51] PayPal\Core\PayPalHttpConnection : INFO: POST https://api.sandbox.paypal.com/v1/oauth2/token
[25-04-2020 16:35:51] PayPal\Core\PayPalHttpConnection : INFO: Response Status 	: 200
[25-04-2020 16:35:51] PayPal\Core\PayPalHttpConnection : INFO: POST https://api.sandbox.paypal.com/v1/payments/payment
[25-04-2020 16:35:52] PayPal\Core\PayPalHttpConnection : INFO: Response Status 	: 201
[25-04-2020 16:37:35] PayPal\Core\PayPalHttpConnection : INFO: POST https://api.sandbox.paypal.com/v1/oauth2/token
[25-04-2020 16:37:36] PayPal\Core\PayPalHttpConnection : INFO: Response Status 	: 200
[25-04-2020 16:37:36] PayPal\Core\PayPalHttpConnection : INFO: GET https://api.sandbox.paypal.com/v1/payments/payment/PAYID-L2SBTEA3JK943056G5712121
[25-04-2020 16:37:36] PayPal\Core\PayPalHttpConnection : INFO: Response Status 	: 200
[25-04-2020 16:37:36] PayPal\Core\PayPalHttpConnection : INFO: POST https://api.sandbox.paypal.com/v1/payments/payment/PAYID-L2SBTEA3JK943056G5712121/execute
[25-04-2020 16:37:39] PayPal\Core\PayPalHttpConnection : INFO: Response Status 	: 200
[25-04-2020 16:54:18] PayPal\Core\PayPalHttpConnection : INFO: POST https://api.sandbox.paypal.com/v1/oauth2/token
[25-04-2020 16:54:19] PayPal\Core\PayPalHttpConnection : INFO: Response Status 	: 200
[25-04-2020 16:54:19] PayPal\Core\PayPalHttpConnection : INFO: GET https://api.sandbox.paypal.com/v1/payments/payment/PAYID-L2SBMJQ3DK96308S16554923
[25-04-2020 16:54:19] PayPal\Core\PayPalHttpConnection : INFO: Response Status 	: 200
[25-04-2020 16:54:19] PayPal\Core\PayPalHttpConnection : INFO: POST https://api.sandbox.paypal.com/v1/payments/payment/PAYID-L2SBMJQ3DK96308S16554923/execute
[25-04-2020 16:54:21] PayPal\Core\PayPalHttpConnection : INFO: Response Status 	: 200
[25-04-2020 17:55:30] PayPal\Core\PayPalHttpConnection : INFO: POST https://api.sandbox.paypal.com/v1/oauth2/token
[25-04-2020 17:55:30] PayPal\Core\PayPalHttpConnection : INFO: Response Status 	: 200
[25-04-2020 17:55:30] PayPal\Core\PayPalHttpConnection : INFO: POST https://api.sandbox.paypal.com/v1/payments/payment
[25-04-2020 17:55:31] PayPal\Core\PayPalHttpConnection : INFO: Response Status 	: 201
[25-04-2020 17:56:10] PayPal\Core\PayPalHttpConnection : INFO: POST https://api.sandbox.paypal.com/v1/oauth2/token
[25-04-2020 17:56:11] PayPal\Core\PayPalHttpConnection : INFO: Response Status 	: 200
[25-04-2020 17:56:11] PayPal\Core\PayPalHttpConnection : INFO: GET https://api.sandbox.paypal.com/v1/payments/payment/PAYID-L2SCYOY34W505487F2864111
[25-04-2020 17:56:11] PayPal\Core\PayPalHttpConnection : INFO: Response Status 	: 200
[25-04-2020 17:56:11] PayPal\Core\PayPalHttpConnection : INFO: POST https://api.sandbox.paypal.com/v1/payments/payment/PAYID-L2SCYOY34W505487F2864111/execute
[25-04-2020 17:56:14] PayPal\Core\PayPalHttpConnection : INFO: Response Status 	: 200
[25-04-2020 19:10:33] PayPal\Core\PayPalHttpConnection : INFO: POST https://api.sandbox.paypal.com/v1/oauth2/token
[25-04-2020 19:10:34] PayPal\Core\PayPalHttpConnection : INFO: Response Status 	: 200
[25-04-2020 19:10:34] PayPal\Core\PayPalHttpConnection : INFO: POST https://api.sandbox.paypal.com/v1/payments/payment
[25-04-2020 19:10:34] PayPal\Core\PayPalHttpConnection : INFO: Response Status 	: 201
[25-04-2020 19:11:06] PayPal\Core\PayPalHttpConnection : INFO: POST https://api.sandbox.paypal.com/v1/oauth2/token
[25-04-2020 19:11:06] PayPal\Core\PayPalHttpConnection : INFO: Response Status 	: 200
[25-04-2020 19:11:06] PayPal\Core\PayPalHttpConnection : INFO: GET https://api.sandbox.paypal.com/v1/payments/payment/PAYID-L2SD3UQ7PF11257JA877420F
[25-04-2020 19:11:07] PayPal\Core\PayPalHttpConnection : INFO: Response Status 	: 200
[25-04-2020 19:11:07] PayPal\Core\PayPalHttpConnection : INFO: POST https://api.sandbox.paypal.com/v1/payments/payment/PAYID-L2SD3UQ7PF11257JA877420F/execute
[25-04-2020 19:11:09] PayPal\Core\PayPalHttpConnection : INFO: Response Status 	: 200
[27-04-2020 13:25:43] PayPal\Core\PayPalHttpConnection : INFO: POST https://api.sandbox.paypal.com/v1/oauth2/token
[27-04-2020 13:25:44] PayPal\Core\PayPalHttpConnection : INFO: Response Status 	: 200
[27-04-2020 13:25:44] PayPal\Core\PayPalHttpConnection : INFO: POST https://api.sandbox.paypal.com/v1/payments/payment
[27-04-2020 13:25:45] PayPal\Core\PayPalHttpConnection : INFO: Response Status 	: 201
[27-04-2020 13:26:21] PayPal\Core\PayPalHttpConnection : INFO: POST https://api.sandbox.paypal.com/v1/oauth2/token
[27-04-2020 13:26:22] PayPal\Core\PayPalHttpConnection : INFO: Response Status 	: 200
[27-04-2020 13:26:22] PayPal\Core\PayPalHttpConnection : INFO: GET https://api.sandbox.paypal.com/v1/payments/payment/PAYID-L2TJAAI953771424E985972K
[27-04-2020 13:26:22] PayPal\Core\PayPalHttpConnection : INFO: Response Status 	: 200
[27-04-2020 13:26:22] PayPal\Core\PayPalHttpConnection : INFO: POST https://api.sandbox.paypal.com/v1/payments/payment/PAYID-L2TJAAI953771424E985972K/execute
[27-04-2020 13:26:25] PayPal\Core\PayPalHttpConnection : INFO: Response Status 	: 200
[27-04-2020 15:52:11] PayPal\Core\PayPalHttpConnection : INFO: POST https://api.sandbox.paypal.com/v1/oauth2/token
[27-04-2020 15:52:12] PayPal\Core\PayPalHttpConnection : INFO: Response Status 	: 200
[27-04-2020 15:52:12] PayPal\Core\PayPalHttpConnection : INFO: POST https://api.sandbox.paypal.com/v1/payments/payment
[27-04-2020 15:52:13] PayPal\Core\PayPalHttpConnection : INFO: Response Status 	: 201
[27-04-2020 15:52:51] PayPal\Core\PayPalHttpConnection : INFO: POST https://api.sandbox.paypal.com/v1/oauth2/token
[27-04-2020 15:52:51] PayPal\Core\PayPalHttpConnection : INFO: Response Status 	: 200
[27-04-2020 15:52:51] PayPal\Core\PayPalHttpConnection : INFO: GET https://api.sandbox.paypal.com/v1/payments/payment/PAYID-L2TLEVI51052990HF808405K
[27-04-2020 15:52:52] PayPal\Core\PayPalHttpConnection : INFO: Response Status 	: 200
[27-04-2020 15:52:52] PayPal\Core\PayPalHttpConnection : INFO: POST https://api.sandbox.paypal.com/v1/payments/payment/PAYID-L2TLEVI51052990HF808405K/execute
[27-04-2020 15:52:54] PayPal\Core\PayPalHttpConnection : INFO: Response Status 	: 200
[27-04-2020 15:57:52] PayPal\Core\PayPalHttpConnection : INFO: POST https://api.sandbox.paypal.com/v1/oauth2/token
[27-04-2020 15:57:53] PayPal\Core\PayPalHttpConnection : INFO: Response Status 	: 200
[27-04-2020 15:57:53] PayPal\Core\PayPalHttpConnection : INFO: POST https://api.sandbox.paypal.com/v1/payments/payment
[27-04-2020 15:57:53] PayPal\Core\PayPalHttpConnection : INFO: Response Status 	: 201
[27-04-2020 15:58:14] PayPal\Core\PayPalHttpConnection : INFO: POST https://api.sandbox.paypal.com/v1/oauth2/token
[27-04-2020 15:58:14] PayPal\Core\PayPalHttpConnection : INFO: Response Status 	: 200
[27-04-2020 15:58:14] PayPal\Core\PayPalHttpConnection : INFO: GET https://api.sandbox.paypal.com/v1/payments/payment/PAYID-L2TLHKI4BW96082EB740645N
[27-04-2020 15:58:14] PayPal\Core\PayPalHttpConnection : INFO: Response Status 	: 200
[27-04-2020 15:58:14] PayPal\Core\PayPalHttpConnection : INFO: POST https://api.sandbox.paypal.com/v1/payments/payment/PAYID-L2TLHKI4BW96082EB740645N/execute
[27-04-2020 15:58:17] PayPal\Core\PayPalHttpConnection : INFO: Response Status 	: 200
[27-04-2020 16:03:38] PayPal\Core\PayPalHttpConnection : INFO: POST https://api.sandbox.paypal.com/v1/oauth2/token
[27-04-2020 16:03:38] PayPal\Core\PayPalHttpConnection : INFO: Response Status 	: 200
[27-04-2020 16:03:38] PayPal\Core\PayPalHttpConnection : INFO: POST https://api.sandbox.paypal.com/v1/payments/payment
[27-04-2020 16:03:39] PayPal\Core\PayPalHttpConnection : INFO: Response Status 	: 201
[27-04-2020 16:04:06] PayPal\Core\PayPalHttpConnection : INFO: POST https://api.sandbox.paypal.com/v1/oauth2/token
[27-04-2020 16:04:07] PayPal\Core\PayPalHttpConnection : INFO: Response Status 	: 200
[27-04-2020 16:04:07] PayPal\Core\PayPalHttpConnection : INFO: POST https://api.sandbox.paypal.com/v1/payments/payment
[27-04-2020 16:04:07] PayPal\Core\PayPalHttpConnection : INFO: POST https://api.sandbox.paypal.com/v1/oauth2/token
[27-04-2020 16:04:08] PayPal\Core\PayPalHttpConnection : INFO: Response Status 	: 201
[27-04-2020 16:04:08] PayPal\Core\PayPalHttpConnection : INFO: Response Status 	: 200
[27-04-2020 16:04:08] PayPal\Core\PayPalHttpConnection : INFO: POST https://api.sandbox.paypal.com/v1/payments/payment
[27-04-2020 16:04:09] PayPal\Core\PayPalHttpConnection : INFO: Response Status 	: 201
[27-04-2020 16:04:44] PayPal\Core\PayPalHttpConnection : INFO: POST https://api.sandbox.paypal.com/v1/oauth2/token
[27-04-2020 16:04:45] PayPal\Core\PayPalHttpConnection : INFO: Response Status 	: 200
[27-04-2020 16:04:45] PayPal\Core\PayPalHttpConnection : INFO: GET https://api.sandbox.paypal.com/v1/payments/payment/PAYID-L2TLKIA6D7530819M7397103
[27-04-2020 16:04:45] PayPal\Core\PayPalHttpConnection : INFO: Response Status 	: 200
[27-04-2020 16:04:45] PayPal\Core\PayPalHttpConnection : INFO: POST https://api.sandbox.paypal.com/v1/payments/payment/PAYID-L2TLKIA6D7530819M7397103/execute
[27-04-2020 16:04:48] PayPal\Core\PayPalHttpConnection : INFO: Response Status 	: 200
[27-04-2020 16:05:47] PayPal\Core\PayPalHttpConnection : INFO: POST https://api.sandbox.paypal.com/v1/oauth2/token
[27-04-2020 16:05:48] PayPal\Core\PayPalHttpConnection : INFO: Response Status 	: 200
[27-04-2020 16:05:48] PayPal\Core\PayPalHttpConnection : INFO: POST https://api.sandbox.paypal.com/v1/payments/payment
[27-04-2020 16:05:49] PayPal\Core\PayPalHttpConnection : INFO: Response Status 	: 201
[27-04-2020 16:06:32] PayPal\Core\PayPalHttpConnection : INFO: POST https://api.sandbox.paypal.com/v1/oauth2/token
[27-04-2020 16:06:32] PayPal\Core\PayPalHttpConnection : INFO: Response Status 	: 200
[27-04-2020 16:06:32] PayPal\Core\PayPalHttpConnection : INFO: POST https://api.sandbox.paypal.com/v1/payments/payment
[27-04-2020 16:06:33] PayPal\Core\PayPalHttpConnection : INFO: Response Status 	: 201
[27-04-2020 16:08:43] PayPal\Core\PayPalHttpConnection : INFO: POST https://api.sandbox.paypal.com/v1/oauth2/token
[27-04-2020 16:08:44] PayPal\Core\PayPalHttpConnection : INFO: Response Status 	: 200
[27-04-2020 16:08:44] PayPal\Core\PayPalHttpConnection : INFO: POST https://api.sandbox.paypal.com/v1/payments/payment
[27-04-2020 16:08:44] PayPal\Core\PayPalHttpConnection : INFO: Response Status 	: 201
[27-04-2020 16:28:52] PayPal\Core\PayPalHttpConnection : INFO: POST https://api.sandbox.paypal.com/v1/oauth2/token
[27-04-2020 16:28:52] PayPal\Core\PayPalHttpConnection : INFO: Response Status 	: 200
[27-04-2020 16:28:52] PayPal\Core\PayPalHttpConnection : INFO: POST https://api.sandbox.paypal.com/v1/payments/payment
[27-04-2020 16:28:53] PayPal\Core\PayPalHttpConnection : INFO: Response Status 	: 201
[27-04-2020 16:33:38] PayPal\Core\PayPalHttpConnection : INFO: POST https://api.sandbox.paypal.com/v1/oauth2/token
[27-04-2020 16:33:39] PayPal\Core\PayPalHttpConnection : INFO: Response Status 	: 200
[27-04-2020 16:33:39] PayPal\Core\PayPalHttpConnection : INFO: POST https://api.sandbox.paypal.com/v1/payments/payment
[27-04-2020 16:33:39] PayPal\Core\PayPalHttpConnection : INFO: Response Status 	: 201
[27-04-2020 16:34:45] PayPal\Core\PayPalHttpConnection : INFO: POST https://api.sandbox.paypal.com/v1/oauth2/token
[27-04-2020 16:34:45] PayPal\Core\PayPalHttpConnection : INFO: Response Status 	: 200
[27-04-2020 16:34:45] PayPal\Core\PayPalHttpConnection : INFO: GET https://api.sandbox.paypal.com/v1/payments/payment/PAYID-L2TLYCY9X07699074035291G
[27-04-2020 16:34:46] PayPal\Core\PayPalHttpConnection : INFO: Response Status 	: 200
[27-04-2020 16:34:46] PayPal\Core\PayPalHttpConnection : INFO: POST https://api.sandbox.paypal.com/v1/payments/payment/PAYID-L2TLYCY9X07699074035291G/execute
[27-04-2020 16:34:48] PayPal\Core\PayPalHttpConnection : INFO: Response Status 	: 200
[28-04-2020 17:32:28] PayPal\Core\PayPalHttpConnection : INFO: POST https://api.sandbox.paypal.com/v1/oauth2/token
[28-04-2020 17:32:29] PayPal\Core\PayPalHttpConnection : INFO: Response Status 	: 200
[28-04-2020 17:32:29] PayPal\Core\PayPalHttpConnection : INFO: POST https://api.sandbox.paypal.com/v1/payments/payment
[28-04-2020 17:32:30] PayPal\Core\PayPalHttpConnection : INFO: Response Status 	: 201
[28-04-2020 17:33:07] PayPal\Core\PayPalHttpConnection : INFO: POST https://api.sandbox.paypal.com/v1/oauth2/token
[28-04-2020 17:33:08] PayPal\Core\PayPalHttpConnection : INFO: Response Status 	: 200
[28-04-2020 17:33:08] PayPal\Core\PayPalHttpConnection : INFO: GET https://api.sandbox.paypal.com/v1/payments/payment/PAYID-L2UBWVQ8YS89683WU268192Y
[28-04-2020 17:33:08] PayPal\Core\PayPalHttpConnection : INFO: Response Status 	: 200
[28-04-2020 17:33:08] PayPal\Core\PayPalHttpConnection : INFO: POST https://api.sandbox.paypal.com/v1/payments/payment/PAYID-L2UBWVQ8YS89683WU268192Y/execute
[28-04-2020 17:33:11] PayPal\Core\PayPalHttpConnection : INFO: Response Status 	: 200
[29-04-2020 12:18:46] PayPal\Core\PayPalHttpConnection : INFO: POST https://api.sandbox.paypal.com/v1/oauth2/token
[29-04-2020 12:18:47] PayPal\Core\PayPalHttpConnection : INFO: Response Status 	: 200
[29-04-2020 12:18:47] PayPal\Core\PayPalHttpConnection : INFO: POST https://api.sandbox.paypal.com/v1/payments/payment
[29-04-2020 12:18:48] PayPal\Core\PayPalHttpConnection : INFO: Response Status 	: 201
[29-04-2020 12:19:21] PayPal\Core\PayPalHttpConnection : INFO: POST https://api.sandbox.paypal.com/v1/oauth2/token
[29-04-2020 12:19:22] PayPal\Core\PayPalHttpConnection : INFO: Response Status 	: 200
[29-04-2020 12:19:22] PayPal\Core\PayPalHttpConnection : INFO: GET https://api.sandbox.paypal.com/v1/payments/payment/PAYID-L2USGUA54M5450186915472V
[29-04-2020 12:19:22] PayPal\Core\PayPalHttpConnection : INFO: Response Status 	: 200
[29-04-2020 12:19:22] PayPal\Core\PayPalHttpConnection : INFO: POST https://api.sandbox.paypal.com/v1/payments/payment/PAYID-L2USGUA54M5450186915472V/execute
[29-04-2020 12:19:24] PayPal\Core\PayPalHttpConnection : INFO: Response Status 	: 200
[29-04-2020 17:47:47] PayPal\Core\PayPalHttpConnection : INFO: POST https://api.sandbox.paypal.com/v1/oauth2/token
[29-04-2020 17:47:47] PayPal\Core\PayPalHttpConnection : INFO: Response Status 	: 200
[29-04-2020 17:47:47] PayPal\Core\PayPalHttpConnection : INFO: POST https://api.sandbox.paypal.com/v1/payments/payment
[29-04-2020 17:47:48] PayPal\Core\PayPalHttpConnection : INFO: Response Status 	: 201
[29-04-2020 17:48:44] PayPal\Core\PayPalHttpConnection : INFO: POST https://api.sandbox.paypal.com/v1/oauth2/token
[29-04-2020 17:48:44] PayPal\Core\PayPalHttpConnection : INFO: Response Status 	: 200
[29-04-2020 17:48:44] PayPal\Core\PayPalHttpConnection : INFO: GET https://api.sandbox.paypal.com/v1/payments/payment/PAYID-L2UXA3A6UC11744HC0753926
[29-04-2020 17:48:44] PayPal\Core\PayPalHttpConnection : INFO: Response Status 	: 200
[29-04-2020 17:48:45] PayPal\Core\PayPalHttpConnection : INFO: POST https://api.sandbox.paypal.com/v1/payments/payment/PAYID-L2UXA3A6UC11744HC0753926/execute
[29-04-2020 17:48:47] PayPal\Core\PayPalHttpConnection : INFO: Response Status 	: 200
[29-04-2020 19:10:25] PayPal\Core\PayPalHttpConnection : INFO: POST https://api.sandbox.paypal.com/v1/oauth2/token
[29-04-2020 19:10:26] PayPal\Core\PayPalHttpConnection : INFO: Response Status 	: 200
[29-04-2020 19:10:26] PayPal\Core\PayPalHttpConnection : INFO: POST https://api.sandbox.paypal.com/v1/payments/payment
[29-04-2020 19:10:27] PayPal\Core\PayPalHttpConnection : INFO: Response Status 	: 201
[29-04-2020 19:11:23] PayPal\Core\PayPalHttpConnection : INFO: POST https://api.sandbox.paypal.com/v1/oauth2/token
[29-04-2020 19:11:24] PayPal\Core\PayPalHttpConnection : INFO: Response Status 	: 200
[29-04-2020 19:11:24] PayPal\Core\PayPalHttpConnection : INFO: GET https://api.sandbox.paypal.com/v1/payments/payment/PAYID-L2UYHSY0SJ303551C305522L
[29-04-2020 19:11:24] PayPal\Core\PayPalHttpConnection : INFO: Response Status 	: 200
[29-04-2020 19:11:24] PayPal\Core\PayPalHttpConnection : INFO: POST https://api.sandbox.paypal.com/v1/payments/payment/PAYID-L2UYHSY0SJ303551C305522L/execute
[29-04-2020 19:11:27] PayPal\Core\PayPalHttpConnection : INFO: Response Status 	: 200
[30-04-2020 12:21:52] PayPal\Core\PayPalHttpConnection : INFO: POST https://api.sandbox.paypal.com/v1/oauth2/token
[30-04-2020 12:21:53] PayPal\Core\PayPalHttpConnection : INFO: Response Status 	: 200
[30-04-2020 12:21:53] PayPal\Core\PayPalHttpConnection : INFO: POST https://api.sandbox.paypal.com/v1/payments/payment
[30-04-2020 12:21:53] PayPal\Core\PayPalHttpConnection : INFO: Response Status 	: 201
[30-04-2020 12:22:46] PayPal\Core\PayPalHttpConnection : INFO: POST https://api.sandbox.paypal.com/v1/oauth2/token
[30-04-2020 12:22:47] PayPal\Core\PayPalHttpConnection : INFO: Response Status 	: 200
[30-04-2020 12:22:47] PayPal\Core\PayPalHttpConnection : INFO: GET https://api.sandbox.paypal.com/v1/payments/payment/PAYID-L2VHLCI14P53035A7309711H
[30-04-2020 12:22:47] PayPal\Core\PayPalHttpConnection : INFO: Response Status 	: 200
[30-04-2020 12:22:47] PayPal\Core\PayPalHttpConnection : INFO: POST https://api.sandbox.paypal.com/v1/payments/payment/PAYID-L2VHLCI14P53035A7309711H/execute
[30-04-2020 12:22:49] PayPal\Core\PayPalHttpConnection : INFO: Response Status 	: 200
[30-04-2020 13:01:54] PayPal\Core\PayPalHttpConnection : INFO: POST https://api.sandbox.paypal.com/v1/oauth2/token
[30-04-2020 13:01:54] PayPal\Core\PayPalHttpConnection : INFO: Response Status 	: 200
[30-04-2020 13:01:54] PayPal\Core\PayPalHttpConnection : INFO: POST https://api.sandbox.paypal.com/v1/payments/payment
[30-04-2020 13:01:55] PayPal\Core\PayPalHttpConnection : INFO: Response Status 	: 201
[30-04-2020 13:02:28] PayPal\Core\PayPalHttpConnection : INFO: POST https://api.sandbox.paypal.com/v1/oauth2/token
[30-04-2020 13:02:28] PayPal\Core\PayPalHttpConnection : INFO: Response Status 	: 200
[30-04-2020 13:02:28] PayPal\Core\PayPalHttpConnection : INFO: GET https://api.sandbox.paypal.com/v1/payments/payment/PAYID-L2VH52Y6WV14374PE5510800
[30-04-2020 13:02:29] PayPal\Core\PayPalHttpConnection : INFO: Response Status 	: 200
[30-04-2020 13:02:29] PayPal\Core\PayPalHttpConnection : INFO: POST https://api.sandbox.paypal.com/v1/payments/payment/PAYID-L2VH52Y6WV14374PE5510800/execute
[30-04-2020 13:02:31] PayPal\Core\PayPalHttpConnection : INFO: Response Status 	: 200
[01-05-2020 16:30:37] PayPal\Core\PayPalHttpConnection : INFO: POST https://api.sandbox.paypal.com/v1/oauth2/token
[01-05-2020 16:30:38] PayPal\Core\PayPalHttpConnection : INFO: Response Status 	: 200
[01-05-2020 16:30:38] PayPal\Core\PayPalHttpConnection : INFO: POST https://api.sandbox.paypal.com/v1/payments/payment
[01-05-2020 16:30:39] PayPal\Core\PayPalHttpConnection : INFO: Response Status 	: 201
[01-05-2020 16:32:47] PayPal\Core\PayPalHttpConnection : INFO: POST https://api.sandbox.paypal.com/v1/oauth2/token
[01-05-2020 16:32:48] PayPal\Core\PayPalHttpConnection : INFO: Response Status 	: 200
[01-05-2020 16:32:48] PayPal\Core\PayPalHttpConnection : INFO: GET https://api.sandbox.paypal.com/v1/payments/payment/PAYID-L2WACVY2B731899AV081435G
[01-05-2020 16:32:48] PayPal\Core\PayPalHttpConnection : INFO: Response Status 	: 200
[01-05-2020 16:32:48] PayPal\Core\PayPalHttpConnection : INFO: POST https://api.sandbox.paypal.com/v1/payments/payment/PAYID-L2WACVY2B731899AV081435G/execute
[01-05-2020 16:32:51] PayPal\Core\PayPalHttpConnection : INFO: Response Status 	: 200
[07-05-2020 10:54:47] PayPal\Core\PayPalHttpConnection : INFO: POST https://api.sandbox.paypal.com/v1/oauth2/token
[07-05-2020 10:54:47] PayPal\Core\PayPalHttpConnection : INFO: Response Status 	: 200
[07-05-2020 10:54:47] PayPal\Core\PayPalHttpConnection : INFO: POST https://api.sandbox.paypal.com/v1/payments/payment
[07-05-2020 10:54:48] PayPal\Core\PayPalHttpConnection : INFO: Response Status 	: 201
[07-05-2020 10:55:28] PayPal\Core\PayPalHttpConnection : INFO: POST https://api.sandbox.paypal.com/v1/oauth2/token
[07-05-2020 10:55:28] PayPal\Core\PayPalHttpConnection : INFO: Response Status 	: 200
[07-05-2020 10:55:28] PayPal\Core\PayPalHttpConnection : INFO: POST https://api.sandbox.paypal.com/v1/payments/payment
[07-05-2020 10:55:29] PayPal\Core\PayPalHttpConnection : INFO: Response Status 	: 201
[07-05-2020 10:56:08] PayPal\Core\PayPalHttpConnection : INFO: POST https://api.sandbox.paypal.com/v1/oauth2/token
[07-05-2020 10:56:08] PayPal\Core\PayPalHttpConnection : INFO: Response Status 	: 200
[07-05-2020 10:56:08] PayPal\Core\PayPalHttpConnection : INFO: GET https://api.sandbox.paypal.com/v1/payments/payment/PAYID-L2ZZXSI0TN13983Y34416406
[07-05-2020 10:56:09] PayPal\Core\PayPalHttpConnection : INFO: Response Status 	: 200
[07-05-2020 10:56:09] PayPal\Core\PayPalHttpConnection : INFO: POST https://api.sandbox.paypal.com/v1/payments/payment/PAYID-L2ZZXSI0TN13983Y34416406/execute
[07-05-2020 10:56:11] PayPal\Core\PayPalHttpConnection : INFO: Response Status 	: 200
[07-05-2020 11:59:18] PayPal\Core\PayPalHttpConnection : INFO: POST https://api.sandbox.paypal.com/v1/oauth2/token
[07-05-2020 11:59:19] PayPal\Core\PayPalHttpConnection : INFO: Response Status 	: 200
[07-05-2020 11:59:19] PayPal\Core\PayPalHttpConnection : INFO: POST https://api.sandbox.paypal.com/v1/payments/payment
[07-05-2020 11:59:19] PayPal\Core\PayPalHttpConnection : INFO: Response Status 	: 201
[07-05-2020 11:59:58] PayPal\Core\PayPalHttpConnection : INFO: POST https://api.sandbox.paypal.com/v1/oauth2/token
[07-05-2020 11:59:58] PayPal\Core\PayPalHttpConnection : INFO: Response Status 	: 200
[07-05-2020 11:59:58] PayPal\Core\PayPalHttpConnection : INFO: GET https://api.sandbox.paypal.com/v1/payments/payment/PAYID-L2Z2VPY83M15977GF0913049
[07-05-2020 11:59:58] PayPal\Core\PayPalHttpConnection : INFO: Response Status 	: 200
[07-05-2020 11:59:59] PayPal\Core\PayPalHttpConnection : INFO: POST https://api.sandbox.paypal.com/v1/payments/payment/PAYID-L2Z2VPY83M15977GF0913049/execute
[07-05-2020 12:00:01] PayPal\Core\PayPalHttpConnection : INFO: Response Status 	: 200
[09-05-2020 16:20:34] PayPal\Core\PayPalHttpConnection : INFO: POST https://api.sandbox.paypal.com/v1/oauth2/token
[09-05-2020 16:20:35] PayPal\Core\PayPalHttpConnection : INFO: Response Status 	: 200
[09-05-2020 16:20:35] PayPal\Core\PayPalHttpConnection : INFO: POST https://api.sandbox.paypal.com/v1/payments/payment
[09-05-2020 16:20:36] PayPal\Core\PayPalHttpConnection : INFO: Response Status 	: 201
[09-05-2020 16:21:22] PayPal\Core\PayPalHttpConnection : INFO: POST https://api.sandbox.paypal.com/v1/oauth2/token
[09-05-2020 16:21:23] PayPal\Core\PayPalHttpConnection : INFO: Response Status 	: 200
[09-05-2020 16:21:23] PayPal\Core\PayPalHttpConnection : INFO: GET https://api.sandbox.paypal.com/v1/payments/payment/PAYID-L23IV7A7HL87315RF211873A
[09-05-2020 16:21:23] PayPal\Core\PayPalHttpConnection : INFO: Response Status 	: 200
[09-05-2020 16:21:23] PayPal\Core\PayPalHttpConnection : INFO: POST https://api.sandbox.paypal.com/v1/payments/payment/PAYID-L23IV7A7HL87315RF211873A/execute
[09-05-2020 16:21:25] PayPal\Core\PayPalHttpConnection : INFO: Response Status 	: 200
[09-05-2020 17:37:44] PayPal\Core\PayPalHttpConnection : INFO: POST https://api.sandbox.paypal.com/v1/oauth2/token
[09-05-2020 17:37:45] PayPal\Core\PayPalHttpConnection : INFO: Response Status 	: 200
[09-05-2020 17:37:45] PayPal\Core\PayPalHttpConnection : INFO: POST https://api.sandbox.paypal.com/v1/payments/payment
[09-05-2020 17:37:46] PayPal\Core\PayPalHttpConnection : INFO: Response Status 	: 201
[09-05-2020 17:38:20] PayPal\Core\PayPalHttpConnection : INFO: POST https://api.sandbox.paypal.com/v1/oauth2/token
[09-05-2020 17:38:21] PayPal\Core\PayPalHttpConnection : INFO: Response Status 	: 200
[09-05-2020 17:38:21] PayPal\Core\PayPalHttpConnection : INFO: GET https://api.sandbox.paypal.com/v1/payments/payment/PAYID-L23J2EQ35580411B6458784N
[09-05-2020 17:38:21] PayPal\Core\PayPalHttpConnection : INFO: Response Status 	: 200
[09-05-2020 17:38:21] PayPal\Core\PayPalHttpConnection : INFO: POST https://api.sandbox.paypal.com/v1/payments/payment/PAYID-L23J2EQ35580411B6458784N/execute
[09-05-2020 17:38:23] PayPal\Core\PayPalHttpConnection : INFO: Response Status 	: 200
[11-05-2020 16:56:18] PayPal\Core\PayPalHttpConnection : INFO: POST https://api.sandbox.paypal.com/v1/oauth2/token
[11-05-2020 16:56:19] PayPal\Core\PayPalHttpConnection : INFO: Response Status 	: 200
[11-05-2020 16:56:19] PayPal\Core\PayPalHttpConnection : INFO: POST https://api.sandbox.paypal.com/v1/payments/payment
[11-05-2020 16:56:20] PayPal\Core\PayPalHttpConnection : INFO: Response Status 	: 201
[11-05-2020 16:56:55] PayPal\Core\PayPalHttpConnection : INFO: POST https://api.sandbox.paypal.com/v1/oauth2/token
[11-05-2020 16:56:55] PayPal\Core\PayPalHttpConnection : INFO: Response Status 	: 200
[11-05-2020 16:56:55] PayPal\Core\PayPalHttpConnection : INFO: GET https://api.sandbox.paypal.com/v1/payments/payment/PAYID-L24TMXA0V000802CR819200J
[11-05-2020 16:56:56] PayPal\Core\PayPalHttpConnection : INFO: Response Status 	: 200
[11-05-2020 16:56:57] PayPal\Core\PayPalHttpConnection : INFO: POST https://api.sandbox.paypal.com/v1/payments/payment/PAYID-L24TMXA0V000802CR819200J/execute
[11-05-2020 16:56:59] PayPal\Core\PayPalHttpConnection : INFO: Response Status 	: 200
[11-05-2020 17:27:56] PayPal\Core\PayPalHttpConnection : INFO: POST https://api.sandbox.paypal.com/v1/oauth2/token
[11-05-2020 17:27:57] PayPal\Core\PayPalHttpConnection : INFO: Response Status 	: 200
[11-05-2020 17:27:57] PayPal\Core\PayPalHttpConnection : INFO: POST https://api.sandbox.paypal.com/v1/payments/payment
[11-05-2020 17:27:58] PayPal\Core\PayPalHttpConnection : INFO: Response Status 	: 201
[11-05-2020 17:29:03] PayPal\Core\PayPalHttpConnection : INFO: POST https://api.sandbox.paypal.com/v1/oauth2/token
[11-05-2020 17:29:04] PayPal\Core\PayPalHttpConnection : INFO: Response Status 	: 200
[11-05-2020 17:29:04] PayPal\Core\PayPalHttpConnection : INFO: GET https://api.sandbox.paypal.com/v1/payments/payment/PAYID-L24T3RI9D297999FS925260L
[11-05-2020 17:29:04] PayPal\Core\PayPalHttpConnection : INFO: Response Status 	: 200
[11-05-2020 17:29:04] PayPal\Core\PayPalHttpConnection : INFO: POST https://api.sandbox.paypal.com/v1/payments/payment/PAYID-L24T3RI9D297999FS925260L/execute
[11-05-2020 17:29:06] PayPal\Core\PayPalHttpConnection : INFO: Response Status 	: 200
[11-05-2020 18:29:54] PayPal\Core\PayPalHttpConnection : INFO: POST https://api.sandbox.paypal.com/v1/oauth2/token
[11-05-2020 18:29:54] PayPal\Core\PayPalHttpConnection : INFO: Response Status 	: 200
[11-05-2020 18:29:54] PayPal\Core\PayPalHttpConnection : INFO: POST https://api.sandbox.paypal.com/v1/payments/payment
[11-05-2020 18:29:55] PayPal\Core\PayPalHttpConnection : INFO: Response Status 	: 201
[11-05-2020 18:30:20] PayPal\Core\PayPalHttpConnection : INFO: POST https://api.sandbox.paypal.com/v1/oauth2/token
[11-05-2020 18:30:21] PayPal\Core\PayPalHttpConnection : INFO: Response Status 	: 200
[11-05-2020 18:30:21] PayPal\Core\PayPalHttpConnection : INFO: GET https://api.sandbox.paypal.com/v1/payments/payment/PAYID-L24UYSY2UF57055579879705
[11-05-2020 18:30:21] PayPal\Core\PayPalHttpConnection : INFO: Response Status 	: 200
[11-05-2020 18:30:21] PayPal\Core\PayPalHttpConnection : INFO: POST https://api.sandbox.paypal.com/v1/payments/payment/PAYID-L24UYSY2UF57055579879705/execute
[11-05-2020 18:30:23] PayPal\Core\PayPalHttpConnection : INFO: Response Status 	: 200
[11-05-2020 18:45:04] PayPal\Core\PayPalHttpConnection : INFO: POST https://api.sandbox.paypal.com/v1/oauth2/token
[11-05-2020 18:45:05] PayPal\Core\PayPalHttpConnection : INFO: Response Status 	: 200
[11-05-2020 18:45:05] PayPal\Core\PayPalHttpConnection : INFO: POST https://api.sandbox.paypal.com/v1/payments/payment
[11-05-2020 18:45:05] PayPal\Core\PayPalHttpConnection : INFO: Response Status 	: 201
[11-05-2020 18:45:32] PayPal\Core\PayPalHttpConnection : INFO: POST https://api.sandbox.paypal.com/v1/oauth2/token
[11-05-2020 18:45:32] PayPal\Core\PayPalHttpConnection : INFO: Response Status 	: 200
[11-05-2020 18:45:32] PayPal\Core\PayPalHttpConnection : INFO: GET https://api.sandbox.paypal.com/v1/payments/payment/PAYID-L24U7WI0BS67045SY608720A
[11-05-2020 18:45:32] PayPal\Core\PayPalHttpConnection : INFO: Response Status 	: 200
[11-05-2020 18:45:32] PayPal\Core\PayPalHttpConnection : INFO: POST https://api.sandbox.paypal.com/v1/payments/payment/PAYID-L24U7WI0BS67045SY608720A/execute
[11-05-2020 18:45:35] PayPal\Core\PayPalHttpConnection : INFO: Response Status 	: 200
[11-05-2020 19:17:56] PayPal\Core\PayPalHttpConnection : INFO: POST https://api.sandbox.paypal.com/v1/oauth2/token
[11-05-2020 19:17:56] PayPal\Core\PayPalHttpConnection : INFO: Response Status 	: 200
[11-05-2020 19:17:56] PayPal\Core\PayPalHttpConnection : INFO: POST https://api.sandbox.paypal.com/v1/payments/payment
[11-05-2020 19:17:57] PayPal\Core\PayPalHttpConnection : INFO: Response Status 	: 201
[11-05-2020 19:18:25] PayPal\Core\PayPalHttpConnection : INFO: POST https://api.sandbox.paypal.com/v1/oauth2/token
[11-05-2020 19:18:25] PayPal\Core\PayPalHttpConnection : INFO: Response Status 	: 200
[11-05-2020 19:18:25] PayPal\Core\PayPalHttpConnection : INFO: GET https://api.sandbox.paypal.com/v1/payments/payment/PAYID-L24VPDI9VN940000H7663747
[11-05-2020 19:18:26] PayPal\Core\PayPalHttpConnection : INFO: Response Status 	: 200
[11-05-2020 19:18:26] PayPal\Core\PayPalHttpConnection : INFO: POST https://api.sandbox.paypal.com/v1/payments/payment/PAYID-L24VPDI9VN940000H7663747/execute
[11-05-2020 19:18:28] PayPal\Core\PayPalHttpConnection : INFO: Response Status 	: 200
[11-05-2020 19:19:55] PayPal\Core\PayPalHttpConnection : INFO: POST https://api.sandbox.paypal.com/v1/oauth2/token
[11-05-2020 19:19:55] PayPal\Core\PayPalHttpConnection : INFO: Response Status 	: 200
[11-05-2020 19:19:55] PayPal\Core\PayPalHttpConnection : INFO: POST https://api.sandbox.paypal.com/v1/payments/payment
[11-05-2020 19:19:56] PayPal\Core\PayPalHttpConnection : INFO: Response Status 	: 201
[11-05-2020 19:20:12] PayPal\Core\PayPalHttpConnection : INFO: POST https://api.sandbox.paypal.com/v1/oauth2/token
[11-05-2020 19:20:13] PayPal\Core\PayPalHttpConnection : INFO: Response Status 	: 200
[11-05-2020 19:20:13] PayPal\Core\PayPalHttpConnection : INFO: GET https://api.sandbox.paypal.com/v1/payments/payment/PAYID-L24VQBA51530920DV265163Y
[11-05-2020 19:20:13] PayPal\Core\PayPalHttpConnection : INFO: Response Status 	: 200
[11-05-2020 19:20:13] PayPal\Core\PayPalHttpConnection : INFO: POST https://api.sandbox.paypal.com/v1/payments/payment/PAYID-L24VQBA51530920DV265163Y/execute
[11-05-2020 19:20:15] PayPal\Core\PayPalHttpConnection : INFO: Response Status 	: 200
[11-05-2020 19:22:35] PayPal\Core\PayPalHttpConnection : INFO: POST https://api.sandbox.paypal.com/v1/oauth2/token
[11-05-2020 19:22:35] PayPal\Core\PayPalHttpConnection : INFO: Response Status 	: 200
[11-05-2020 19:22:35] PayPal\Core\PayPalHttpConnection : INFO: POST https://api.sandbox.paypal.com/v1/payments/payment
[11-05-2020 19:22:36] PayPal\Core\PayPalHttpConnection : INFO: Response Status 	: 201
[11-05-2020 19:24:18] PayPal\Core\PayPalHttpConnection : INFO: POST https://api.sandbox.paypal.com/v1/oauth2/token
[11-05-2020 19:24:19] PayPal\Core\PayPalHttpConnection : INFO: Response Status 	: 200
[11-05-2020 19:24:19] PayPal\Core\PayPalHttpConnection : INFO: GET https://api.sandbox.paypal.com/v1/payments/payment/PAYID-L24VRJA1VP35241P0985581M
[11-05-2020 19:24:19] PayPal\Core\PayPalHttpConnection : INFO: Response Status 	: 200
[11-05-2020 19:24:19] PayPal\Core\PayPalHttpConnection : INFO: POST https://api.sandbox.paypal.com/v1/payments/payment/PAYID-L24VRJA1VP35241P0985581M/execute
[11-05-2020 19:24:21] PayPal\Core\PayPalHttpConnection : INFO: Response Status 	: 200
[19-05-2020 13:19:16] PayPal\Core\PayPalHttpConnection : INFO: POST https://api.sandbox.paypal.com/v1/oauth2/token
[19-05-2020 13:19:16] PayPal\Core\PayPalHttpConnection : INFO: POST https://api.sandbox.paypal.com/v1/oauth2/token
[19-05-2020 13:19:17] PayPal\Core\PayPalHttpConnection : INFO: Response Status 	: 200
[19-05-2020 13:19:17] PayPal\Core\PayPalHttpConnection : INFO: POST https://api.sandbox.paypal.com/v1/payments/payment
[19-05-2020 13:19:17] PayPal\Core\PayPalHttpConnection : INFO: Response Status 	: 200
[19-05-2020 13:19:17] PayPal\Core\PayPalHttpConnection : INFO: POST https://api.sandbox.paypal.com/v1/payments/payment
[19-05-2020 13:19:18] PayPal\Core\PayPalHttpConnection : INFO: Response Status 	: 201
[19-05-2020 13:19:18] PayPal\Core\PayPalHttpConnection : INFO: Response Status 	: 201
[19-05-2020 13:21:48] PayPal\Core\PayPalHttpConnection : INFO: POST https://api.sandbox.paypal.com/v1/oauth2/token
[19-05-2020 13:21:48] PayPal\Core\PayPalHttpConnection : INFO: Response Status 	: 200
[19-05-2020 13:21:48] PayPal\Core\PayPalHttpConnection : INFO: GET https://api.sandbox.paypal.com/v1/payments/payment/PAYID-L3BY67I7TA95794844299910
[19-05-2020 13:21:49] PayPal\Core\PayPalHttpConnection : INFO: Response Status 	: 200
[19-05-2020 13:21:49] PayPal\Core\PayPalHttpConnection : INFO: POST https://api.sandbox.paypal.com/v1/payments/payment/PAYID-L3BY67I7TA95794844299910/execute
[19-05-2020 13:21:51] PayPal\Core\PayPalHttpConnection : INFO: Response Status 	: 200
[19-05-2020 13:21:58] PayPal\Core\PayPalHttpConnection : INFO: POST https://api.sandbox.paypal.com/v1/oauth2/token
[19-05-2020 13:21:58] PayPal\Core\PayPalHttpConnection : INFO: Response Status 	: 200
[19-05-2020 13:21:58] PayPal\Core\PayPalHttpConnection : INFO: GET https://api.sandbox.paypal.com/v1/payments/payment/PAYID-L3BY67Q6Y658003U6473205C
[19-05-2020 13:21:59] PayPal\Core\PayPalHttpConnection : INFO: Response Status 	: 200
[19-05-2020 13:21:59] PayPal\Core\PayPalHttpConnection : INFO: POST https://api.sandbox.paypal.com/v1/payments/payment/PAYID-L3BY67Q6Y658003U6473205C/execute
[19-05-2020 13:22:01] PayPal\Core\PayPalHttpConnection : INFO: Response Status 	: 200
[19-05-2020 14:08:48] PayPal\Core\PayPalHttpConnection : INFO: POST https://api.sandbox.paypal.com/v1/oauth2/token
[19-05-2020 14:08:49] PayPal\Core\PayPalHttpConnection : INFO: Response Status 	: 200
[19-05-2020 14:08:49] PayPal\Core\PayPalHttpConnection : INFO: POST https://api.sandbox.paypal.com/v1/payments/payment
[19-05-2020 14:08:50] PayPal\Core\PayPalHttpConnection : INFO: Response Status 	: 201
[19-05-2020 14:09:34] PayPal\Core\PayPalHttpConnection : INFO: POST https://api.sandbox.paypal.com/v1/oauth2/token
[19-05-2020 14:09:35] PayPal\Core\PayPalHttpConnection : INFO: Response Status 	: 200
[19-05-2020 14:09:35] PayPal\Core\PayPalHttpConnection : INFO: GET https://api.sandbox.paypal.com/v1/payments/payment/PAYID-L3BZWGI8VS90243BV582042W
[19-05-2020 14:09:35] PayPal\Core\PayPalHttpConnection : INFO: Response Status 	: 200
[19-05-2020 14:09:35] PayPal\Core\PayPalHttpConnection : INFO: POST https://api.sandbox.paypal.com/v1/payments/payment/PAYID-L3BZWGI8VS90243BV582042W/execute
[19-05-2020 14:09:37] PayPal\Core\PayPalHttpConnection : INFO: Response Status 	: 200
[19-05-2020 15:53:10] PayPal\Core\PayPalHttpConnection : INFO: POST https://api.sandbox.paypal.com/v1/oauth2/token
[19-05-2020 15:53:11] PayPal\Core\PayPalHttpConnection : INFO: Response Status 	: 200
[19-05-2020 15:53:11] PayPal\Core\PayPalHttpConnection : INFO: POST https://api.sandbox.paypal.com/v1/payments/payment
[19-05-2020 15:53:11] PayPal\Core\PayPalHttpConnection : INFO: Response Status 	: 201
[19-05-2020 15:54:16] PayPal\Core\PayPalHttpConnection : INFO: POST https://api.sandbox.paypal.com/v1/oauth2/token
[19-05-2020 15:54:16] PayPal\Core\PayPalHttpConnection : INFO: Response Status 	: 200
[19-05-2020 15:54:16] PayPal\Core\PayPalHttpConnection : INFO: GET https://api.sandbox.paypal.com/v1/payments/payment/PAYID-L3B3HDY4J207457R4538114C
[19-05-2020 15:54:17] PayPal\Core\PayPalHttpConnection : INFO: Response Status 	: 200
[19-05-2020 15:54:17] PayPal\Core\PayPalHttpConnection : INFO: POST https://api.sandbox.paypal.com/v1/payments/payment/PAYID-L3B3HDY4J207457R4538114C/execute
[19-05-2020 15:54:19] PayPal\Core\PayPalHttpConnection : INFO: Response Status 	: 200
[19-05-2020 16:20:41] PayPal\Core\PayPalHttpConnection : INFO: POST https://api.sandbox.paypal.com/v1/oauth2/token
[19-05-2020 16:20:41] PayPal\Core\PayPalHttpConnection : INFO: Response Status 	: 200
[19-05-2020 16:20:41] PayPal\Core\PayPalHttpConnection : INFO: POST https://api.sandbox.paypal.com/v1/payments/payment
[19-05-2020 16:20:42] PayPal\Core\PayPalHttpConnection : INFO: Response Status 	: 201
[19-05-2020 16:24:01] PayPal\Core\PayPalHttpConnection : INFO: POST https://api.sandbox.paypal.com/v1/oauth2/token
[19-05-2020 16:24:02] PayPal\Core\PayPalHttpConnection : INFO: Response Status 	: 200
[19-05-2020 16:24:02] PayPal\Core\PayPalHttpConnection : INFO: GET https://api.sandbox.paypal.com/v1/payments/payment/PAYID-L3B3UAQ9X188614BD946250B
[19-05-2020 16:24:02] PayPal\Core\PayPalHttpConnection : INFO: Response Status 	: 200
[19-05-2020 16:24:02] PayPal\Core\PayPalHttpConnection : INFO: POST https://api.sandbox.paypal.com/v1/payments/payment/PAYID-L3B3UAQ9X188614BD946250B/execute
[19-05-2020 16:24:05] PayPal\Core\PayPalHttpConnection : INFO: Response Status 	: 200
[19-05-2020 18:30:15] PayPal\Core\PayPalHttpConnection : INFO: POST https://api.sandbox.paypal.com/v1/oauth2/token
[19-05-2020 18:30:16] PayPal\Core\PayPalHttpConnection : INFO: Response Status 	: 200
[19-05-2020 18:30:16] PayPal\Core\PayPalHttpConnection : INFO: POST https://api.sandbox.paypal.com/v1/payments/payment
[19-05-2020 18:30:17] PayPal\Core\PayPalHttpConnection : INFO: Response Status 	: 201
[19-05-2020 18:34:29] PayPal\Core\PayPalHttpConnection : INFO: POST https://api.sandbox.paypal.com/v1/oauth2/token
[19-05-2020 18:34:29] PayPal\Core\PayPalHttpConnection : INFO: Response Status 	: 200
[19-05-2020 18:34:29] PayPal\Core\PayPalHttpConnection : INFO: GET https://api.sandbox.paypal.com/v1/payments/payment/PAYID-L3B5QYI3TS34038EY734342G
[19-05-2020 18:34:30] PayPal\Core\PayPalHttpConnection : INFO: Response Status 	: 200
[19-05-2020 18:34:30] PayPal\Core\PayPalHttpConnection : INFO: POST https://api.sandbox.paypal.com/v1/payments/payment/PAYID-L3B5QYI3TS34038EY734342G/execute
[19-05-2020 18:34:32] PayPal\Core\PayPalHttpConnection : INFO: Response Status 	: 200
[20-05-2020 13:03:25] PayPal\Core\PayPalHttpConnection : INFO: POST https://api.sandbox.paypal.com/v1/oauth2/token
[20-05-2020 13:03:26] PayPal\Core\PayPalHttpConnection : INFO: Response Status 	: 200
[20-05-2020 13:03:26] PayPal\Core\PayPalHttpConnection : INFO: POST https://api.sandbox.paypal.com/v1/payments/payment
[20-05-2020 13:03:27] PayPal\Core\PayPalHttpConnection : INFO: Response Status 	: 201
[20-05-2020 13:05:49] PayPal\Core\PayPalHttpConnection : INFO: POST https://api.sandbox.paypal.com/v1/oauth2/token
[20-05-2020 13:05:50] PayPal\Core\PayPalHttpConnection : INFO: Response Status 	: 200
[20-05-2020 13:05:50] PayPal\Core\PayPalHttpConnection : INFO: GET https://api.sandbox.paypal.com/v1/payments/payment/PAYID-L3CN2RY49E50814N5995423Y
[20-05-2020 13:05:50] PayPal\Core\PayPalHttpConnection : INFO: Response Status 	: 200
[20-05-2020 13:05:50] PayPal\Core\PayPalHttpConnection : INFO: POST https://api.sandbox.paypal.com/v1/payments/payment/PAYID-L3CN2RY49E50814N5995423Y/execute
[20-05-2020 13:05:52] PayPal\Core\PayPalHttpConnection : INFO: Response Status 	: 200
[20-05-2020 13:25:44] PayPal\Core\PayPalHttpConnection : INFO: POST https://api.sandbox.paypal.com/v1/oauth2/token
[20-05-2020 13:25:44] PayPal\Core\PayPalHttpConnection : INFO: Response Status 	: 200
[20-05-2020 13:25:44] PayPal\Core\PayPalHttpConnection : INFO: POST https://api.sandbox.paypal.com/v1/payments/payment
[20-05-2020 13:25:45] PayPal\Core\PayPalHttpConnection : INFO: Response Status 	: 201
[20-05-2020 13:27:15] PayPal\Core\PayPalHttpConnection : INFO: POST https://api.sandbox.paypal.com/v1/oauth2/token
[20-05-2020 13:27:16] PayPal\Core\PayPalHttpConnection : INFO: Response Status 	: 200
[20-05-2020 13:27:16] PayPal\Core\PayPalHttpConnection : INFO: GET https://api.sandbox.paypal.com/v1/payments/payment/PAYID-L3COFAI2V022607FG871651N
[20-05-2020 13:27:16] PayPal\Core\PayPalHttpConnection : INFO: Response Status 	: 200
[20-05-2020 13:27:16] PayPal\Core\PayPalHttpConnection : INFO: POST https://api.sandbox.paypal.com/v1/payments/payment/PAYID-L3COFAI2V022607FG871651N/execute
[20-05-2020 13:27:18] PayPal\Core\PayPalHttpConnection : INFO: Response Status 	: 200
[20-05-2020 17:35:49] PayPal\Core\PayPalHttpConnection : INFO: POST https://api.sandbox.paypal.com/v1/oauth2/token
[20-05-2020 17:35:49] PayPal\Core\PayPalHttpConnection : INFO: Response Status 	: 200
[20-05-2020 17:35:49] PayPal\Core\PayPalHttpConnection : INFO: POST https://api.sandbox.paypal.com/v1/payments/payment
[20-05-2020 17:35:50] PayPal\Core\PayPalHttpConnection : INFO: Response Status 	: 201
[20-05-2020 17:36:33] PayPal\Core\PayPalHttpConnection : INFO: POST https://api.sandbox.paypal.com/v1/oauth2/token
[20-05-2020 17:36:33] PayPal\Core\PayPalHttpConnection : INFO: Response Status 	: 200
[20-05-2020 17:36:33] PayPal\Core\PayPalHttpConnection : INFO: GET https://api.sandbox.paypal.com/v1/payments/payment/PAYID-L3CR2HQ20U9176741282032M
[20-05-2020 17:36:34] PayPal\Core\PayPalHttpConnection : INFO: Response Status 	: 200
[20-05-2020 17:36:34] PayPal\Core\PayPalHttpConnection : INFO: POST https://api.sandbox.paypal.com/v1/payments/payment/PAYID-L3CR2HQ20U9176741282032M/execute
[20-05-2020 17:36:37] PayPal\Core\PayPalHttpConnection : INFO: Response Status 	: 200
[03-06-2020 15:29:26] PayPal\Core\PayPalHttpConnection : INFO: POST https://api.sandbox.paypal.com/v1/oauth2/token
[03-06-2020 15:29:27] PayPal\Core\PayPalHttpConnection : INFO: Response Status 	: 200
[03-06-2020 15:29:27] PayPal\Core\PayPalHttpConnection : INFO: POST https://api.sandbox.paypal.com/v1/payments/payment
[03-06-2020 15:29:28] PayPal\Core\PayPalHttpConnection : INFO: Response Status 	: 201
[03-06-2020 15:30:07] PayPal\Core\PayPalHttpConnection : INFO: POST https://api.sandbox.paypal.com/v1/oauth2/token
[03-06-2020 15:30:08] PayPal\Core\PayPalHttpConnection : INFO: Response Status 	: 200
[03-06-2020 15:30:08] PayPal\Core\PayPalHttpConnection : INFO: GET https://api.sandbox.paypal.com/v1/payments/payment/PAYID-L3LXJAA23S94907CN416770F
[03-06-2020 15:30:08] PayPal\Core\PayPalHttpConnection : INFO: Response Status 	: 200
[03-06-2020 15:30:08] PayPal\Core\PayPalHttpConnection : INFO: POST https://api.sandbox.paypal.com/v1/payments/payment/PAYID-L3LXJAA23S94907CN416770F/execute
[03-06-2020 15:30:11] PayPal\Core\PayPalHttpConnection : INFO: Response Status 	: 200
[03-06-2020 15:48:08] PayPal\Core\PayPalHttpConnection : INFO: POST https://api.sandbox.paypal.com/v1/oauth2/token
[03-06-2020 15:48:08] PayPal\Core\PayPalHttpConnection : INFO: Response Status 	: 200
[03-06-2020 15:48:08] PayPal\Core\PayPalHttpConnection : INFO: POST https://api.sandbox.paypal.com/v1/payments/payment
[03-06-2020 15:48:09] PayPal\Core\PayPalHttpConnection : INFO: Response Status 	: 201
[03-06-2020 15:51:58] PayPal\Core\PayPalHttpConnection : INFO: POST https://api.sandbox.paypal.com/v1/oauth2/token
[03-06-2020 15:51:58] PayPal\Core\PayPalHttpConnection : INFO: Response Status 	: 200
[03-06-2020 15:51:58] PayPal\Core\PayPalHttpConnection : INFO: GET https://api.sandbox.paypal.com/v1/payments/payment/PAYID-L3LXRYI9DW97447BH1729303
[03-06-2020 15:51:59] PayPal\Core\PayPalHttpConnection : INFO: Response Status 	: 200
[03-06-2020 15:51:59] PayPal\Core\PayPalHttpConnection : INFO: POST https://api.sandbox.paypal.com/v1/payments/payment/PAYID-L3LXRYI9DW97447BH1729303/execute
[03-06-2020 15:52:01] PayPal\Core\PayPalHttpConnection : INFO: Response Status 	: 200
[03-06-2020 15:54:11] PayPal\Core\PayPalHttpConnection : INFO: POST https://api.sandbox.paypal.com/v1/oauth2/token
[03-06-2020 15:54:11] PayPal\Core\PayPalHttpConnection : INFO: Response Status 	: 200
[03-06-2020 15:54:11] PayPal\Core\PayPalHttpConnection : INFO: POST https://api.sandbox.paypal.com/v1/payments/payment
[03-06-2020 15:54:12] PayPal\Core\PayPalHttpConnection : INFO: Response Status 	: 201
[03-06-2020 15:54:37] PayPal\Core\PayPalHttpConnection : INFO: POST https://api.sandbox.paypal.com/v1/oauth2/token
[03-06-2020 15:54:38] PayPal\Core\PayPalHttpConnection : INFO: Response Status 	: 200
[03-06-2020 15:54:38] PayPal\Core\PayPalHttpConnection : INFO: GET https://api.sandbox.paypal.com/v1/payments/payment/PAYID-L3LXUTA36649232SH624642P
[03-06-2020 15:54:38] PayPal\Core\PayPalHttpConnection : INFO: Response Status 	: 200
[03-06-2020 15:54:38] PayPal\Core\PayPalHttpConnection : INFO: POST https://api.sandbox.paypal.com/v1/payments/payment/PAYID-L3LXUTA36649232SH624642P/execute
[03-06-2020 15:54:40] PayPal\Core\PayPalHttpConnection : INFO: Response Status 	: 200
[04-06-2020 18:37:31] PayPal\Core\PayPalHttpConnection : INFO: POST https://api.sandbox.paypal.com/v1/oauth2/token
[04-06-2020 18:37:32] PayPal\Core\PayPalHttpConnection : INFO: Response Status 	: 200
[04-06-2020 18:37:32] PayPal\Core\PayPalHttpConnection : INFO: POST https://api.sandbox.paypal.com/v1/payments/payment
[04-06-2020 18:37:32] PayPal\Core\PayPalHttpConnection : INFO: Response Status 	: 201
[04-06-2020 18:38:02] PayPal\Core\PayPalHttpConnection : INFO: POST https://api.sandbox.paypal.com/v1/oauth2/token
[04-06-2020 18:38:03] PayPal\Core\PayPalHttpConnection : INFO: Response Status 	: 200
[04-06-2020 18:38:03] PayPal\Core\PayPalHttpConnection : INFO: GET https://api.sandbox.paypal.com/v1/payments/payment/PAYID-L3MPEFA6A4948902W261454G
[04-06-2020 18:38:03] PayPal\Core\PayPalHttpConnection : INFO: Response Status 	: 200
[04-06-2020 18:38:03] PayPal\Core\PayPalHttpConnection : INFO: POST https://api.sandbox.paypal.com/v1/payments/payment/PAYID-L3MPEFA6A4948902W261454G/execute
[04-06-2020 18:38:05] PayPal\Core\PayPalHttpConnection : INFO: Response Status 	: 200
[10-06-2020 13:08:10] PayPal\Core\PayPalHttpConnection : INFO: POST https://api.sandbox.paypal.com/v1/oauth2/token
[10-06-2020 13:08:11] PayPal\Core\PayPalHttpConnection : INFO: Response Status 	: 200
[10-06-2020 13:08:11] PayPal\Core\PayPalHttpConnection : INFO: POST https://api.sandbox.paypal.com/v1/payments/payment
[10-06-2020 13:08:12] PayPal\Core\PayPalHttpConnection : INFO: Response Status 	: 201
[10-06-2020 13:11:39] PayPal\Core\PayPalHttpConnection : INFO: POST https://api.sandbox.paypal.com/v1/oauth2/token
[10-06-2020 13:11:40] PayPal\Core\PayPalHttpConnection : INFO: Response Status 	: 200
[10-06-2020 13:11:40] PayPal\Core\PayPalHttpConnection : INFO: GET https://api.sandbox.paypal.com/v1/payments/payment/PAYID-L3QI3ZA4CG37133WK309691P
[10-06-2020 13:11:40] PayPal\Core\PayPalHttpConnection : INFO: Response Status 	: 200
[10-06-2020 13:11:40] PayPal\Core\PayPalHttpConnection : INFO: POST https://api.sandbox.paypal.com/v1/payments/payment/PAYID-L3QI3ZA4CG37133WK309691P/execute
[10-06-2020 13:11:42] PayPal\Core\PayPalHttpConnection : INFO: Response Status 	: 200
[12-06-2020 11:21:35] PayPal\Core\PayPalHttpConnection : INFO: POST https://api.sandbox.paypal.com/v1/oauth2/token
[12-06-2020 11:21:36] PayPal\Core\PayPalHttpConnection : INFO: Response Status 	: 200
[12-06-2020 11:21:36] PayPal\Core\PayPalHttpConnection : INFO: POST https://api.sandbox.paypal.com/v1/payments/payment
[12-06-2020 11:21:37] PayPal\Core\PayPalHttpConnection : INFO: Response Status 	: 201
[12-06-2020 11:24:06] PayPal\Core\PayPalHttpConnection : INFO: POST https://api.sandbox.paypal.com/v1/oauth2/token
[12-06-2020 11:24:06] PayPal\Core\PayPalHttpConnection : INFO: Response Status 	: 200
[12-06-2020 11:24:06] PayPal\Core\PayPalHttpConnection : INFO: GET https://api.sandbox.paypal.com/v1/payments/payment/PAYID-L3RRP2I0D886233SL4419920
[12-06-2020 11:24:06] PayPal\Core\PayPalHttpConnection : INFO: Response Status 	: 200
[12-06-2020 11:24:06] PayPal\Core\PayPalHttpConnection : INFO: POST https://api.sandbox.paypal.com/v1/payments/payment/PAYID-L3RRP2I0D886233SL4419920/execute
[12-06-2020 11:24:09] PayPal\Core\PayPalHttpConnection : INFO: Response Status 	: 200
[13-06-2020 18:27:02] PayPal\Core\PayPalHttpConnection : INFO: POST https://api.sandbox.paypal.com/v1/oauth2/token
[13-06-2020 18:27:04] PayPal\Core\PayPalHttpConnection : INFO: Response Status 	: 200
[13-06-2020 18:27:04] PayPal\Core\PayPalHttpConnection : INFO: POST https://api.sandbox.paypal.com/v1/payments/payment
[13-06-2020 18:27:05] PayPal\Core\PayPalHttpConnection : INFO: Response Status 	: 201
[13-06-2020 18:33:06] PayPal\Core\PayPalHttpConnection : INFO: POST https://api.sandbox.paypal.com/v1/oauth2/token
[13-06-2020 18:33:07] PayPal\Core\PayPalHttpConnection : INFO: Response Status 	: 200
[13-06-2020 18:33:07] PayPal\Core\PayPalHttpConnection : INFO: POST https://api.sandbox.paypal.com/v1/payments/payment
[13-06-2020 18:33:08] PayPal\Core\PayPalHttpConnection : INFO: Response Status 	: 201
[21-07-2020 14:29:09] PayPal\Core\PayPalHttpConnection : INFO: POST https://api.sandbox.paypal.com/v1/oauth2/token
[21-07-2020 14:29:10] PayPal\Core\PayPalHttpConnection : INFO: Response Status 	: 200
[21-07-2020 14:29:10] PayPal\Core\PayPalHttpConnection : INFO: POST https://api.sandbox.paypal.com/v1/payments/payment
[21-07-2020 14:29:10] PayPal\Core\PayPalHttpConnection : INFO: Response Status 	: 201
[21-07-2020 15:16:05] PayPal\Core\PayPalHttpConnection : INFO: POST https://api.sandbox.paypal.com/v1/oauth2/token
[21-07-2020 15:16:06] PayPal\Core\PayPalHttpConnection : INFO: Response Status 	: 200
[21-07-2020 15:16:06] PayPal\Core\PayPalHttpConnection : INFO: POST https://api.sandbox.paypal.com/v1/payments/payment
[21-07-2020 15:16:07] PayPal\Core\PayPalHttpConnection : INFO: Response Status 	: 201
[21-07-2020 15:19:46] PayPal\Core\PayPalHttpConnection : INFO: POST https://api.sandbox.paypal.com/v1/oauth2/token
[21-07-2020 15:19:46] PayPal\Core\PayPalHttpConnection : INFO: Response Status 	: 200
[21-07-2020 15:19:46] PayPal\Core\PayPalHttpConnection : INFO: POST https://api.sandbox.paypal.com/v1/payments/payment
[21-07-2020 15:19:48] PayPal\Core\PayPalHttpConnection : INFO: Response Status 	: 201
[22-07-2020 13:11:08] PayPal\Core\PayPalHttpConnection : INFO: POST https://api.sandbox.paypal.com/v1/oauth2/token
[22-07-2020 13:11:08] PayPal\Core\PayPalHttpConnection : INFO: Response Status 	: 200
[22-07-2020 13:11:08] PayPal\Core\PayPalHttpConnection : INFO: POST https://api.sandbox.paypal.com/v1/payments/payment
[22-07-2020 13:11:09] PayPal\Core\PayPalHttpConnection : INFO: Response Status 	: 201
[22-07-2020 13:13:19] PayPal\Core\PayPalHttpConnection : INFO: POST https://api.sandbox.paypal.com/v1/oauth2/token
[22-07-2020 13:13:19] PayPal\Core\PayPalHttpConnection : INFO: Response Status 	: 200
[22-07-2020 13:13:19] PayPal\Core\PayPalHttpConnection : INFO: GET https://api.sandbox.paypal.com/v1/payments/payment/PAYID-L4L63FI59E89383DU165751J
[22-07-2020 13:13:20] PayPal\Core\PayPalHttpConnection : INFO: Response Status 	: 200
[22-07-2020 13:13:20] PayPal\Core\PayPalHttpConnection : INFO: POST https://api.sandbox.paypal.com/v1/payments/payment/PAYID-L4L63FI59E89383DU165751J/execute
[22-07-2020 13:13:22] PayPal\Core\PayPalHttpConnection : INFO: Response Status 	: 200
[22-07-2020 13:19:52] PayPal\Core\PayPalHttpConnection : INFO: POST https://api.sandbox.paypal.com/v1/oauth2/token
[22-07-2020 13:19:52] PayPal\Core\PayPalHttpConnection : INFO: Response Status 	: 200
[22-07-2020 13:19:52] PayPal\Core\PayPalHttpConnection : INFO: POST https://api.sandbox.paypal.com/v1/payments/payment
[22-07-2020 13:19:53] PayPal\Core\PayPalHttpConnection : INFO: Response Status 	: 201
[22-07-2020 13:20:53] PayPal\Core\PayPalHttpConnection : INFO: POST https://api.sandbox.paypal.com/v1/oauth2/token
[22-07-2020 13:20:54] PayPal\Core\PayPalHttpConnection : INFO: Response Status 	: 200
[22-07-2020 13:20:54] PayPal\Core\PayPalHttpConnection : INFO: GET https://api.sandbox.paypal.com/v1/payments/payment/PAYID-L4L67II3DC16425WU594364F
[22-07-2020 13:20:54] PayPal\Core\PayPalHttpConnection : INFO: Response Status 	: 200
[22-07-2020 13:20:54] PayPal\Core\PayPalHttpConnection : INFO: POST https://api.sandbox.paypal.com/v1/payments/payment/PAYID-L4L67II3DC16425WU594364F/execute
[22-07-2020 13:20:56] PayPal\Core\PayPalHttpConnection : INFO: Response Status 	: 200
[22-07-2020 13:32:08] PayPal\Core\PayPalHttpConnection : INFO: POST https://api.sandbox.paypal.com/v1/oauth2/token
[22-07-2020 13:32:08] PayPal\Core\PayPalHttpConnection : INFO: Response Status 	: 200
[22-07-2020 13:32:08] PayPal\Core\PayPalHttpConnection : INFO: POST https://api.sandbox.paypal.com/v1/payments/payment
[22-07-2020 13:32:09] PayPal\Core\PayPalHttpConnection : INFO: Response Status 	: 201
[22-07-2020 13:32:49] PayPal\Core\PayPalHttpConnection : INFO: POST https://api.sandbox.paypal.com/v1/oauth2/token
[22-07-2020 13:32:50] PayPal\Core\PayPalHttpConnection : INFO: Response Status 	: 200
[22-07-2020 13:32:50] PayPal\Core\PayPalHttpConnection : INFO: GET https://api.sandbox.paypal.com/v1/payments/payment/PAYID-L4L7FAI6NP76387HH418724V
[22-07-2020 13:32:50] PayPal\Core\PayPalHttpConnection : INFO: Response Status 	: 200
[22-07-2020 13:32:50] PayPal\Core\PayPalHttpConnection : INFO: POST https://api.sandbox.paypal.com/v1/payments/payment/PAYID-L4L7FAI6NP76387HH418724V/execute
[22-07-2020 13:32:53] PayPal\Core\PayPalHttpConnection : INFO: Response Status 	: 200
[25-07-2020 16:29:44] PayPal\Core\PayPalHttpConnection : INFO: POST https://api.sandbox.paypal.com/v1/oauth2/token
[25-07-2020 16:29:45] PayPal\Core\PayPalHttpConnection : INFO: Response Status 	: 200
[25-07-2020 16:29:45] PayPal\Core\PayPalHttpConnection : INFO: POST https://api.sandbox.paypal.com/v1/payments/payment
[25-07-2020 16:29:46] PayPal\Core\PayPalHttpConnection : INFO: Response Status 	: 201
[25-07-2020 16:30:23] PayPal\Core\PayPalHttpConnection : INFO: POST https://api.sandbox.paypal.com/v1/oauth2/token
[25-07-2020 16:30:24] PayPal\Core\PayPalHttpConnection : INFO: Response Status 	: 200
[25-07-2020 16:30:24] PayPal\Core\PayPalHttpConnection : INFO: GET https://api.sandbox.paypal.com/v1/payments/payment/PAYID-L4OBBIQ0KT05318JT979274H
[25-07-2020 16:30:24] PayPal\Core\PayPalHttpConnection : INFO: Response Status 	: 200
[25-07-2020 16:30:24] PayPal\Core\PayPalHttpConnection : INFO: POST https://api.sandbox.paypal.com/v1/payments/payment/PAYID-L4OBBIQ0KT05318JT979274H/execute
[25-07-2020 16:30:26] PayPal\Core\PayPalHttpConnection : INFO: Response Status 	: 200
[25-07-2020 16:35:03] PayPal\Core\PayPalHttpConnection : INFO: POST https://api.sandbox.paypal.com/v1/oauth2/token
[25-07-2020 16:35:04] PayPal\Core\PayPalHttpConnection : INFO: Response Status 	: 200
[25-07-2020 16:35:04] PayPal\Core\PayPalHttpConnection : INFO: POST https://api.sandbox.paypal.com/v1/payments/payment
[25-07-2020 16:35:04] PayPal\Core\PayPalHttpConnection : INFO: Response Status 	: 201
[25-07-2020 16:35:48] PayPal\Core\PayPalHttpConnection : INFO: POST https://api.sandbox.paypal.com/v1/oauth2/token
[25-07-2020 16:35:48] PayPal\Core\PayPalHttpConnection : INFO: Response Status 	: 200
[25-07-2020 16:35:48] PayPal\Core\PayPalHttpConnection : INFO: GET https://api.sandbox.paypal.com/v1/payments/payment/PAYID-L4OBDYA7ML01961SX547981V
[25-07-2020 16:35:49] PayPal\Core\PayPalHttpConnection : INFO: Response Status 	: 200
[25-07-2020 16:35:49] PayPal\Core\PayPalHttpConnection : INFO: POST https://api.sandbox.paypal.com/v1/payments/payment/PAYID-L4OBDYA7ML01961SX547981V/execute
[25-07-2020 16:35:51] PayPal\Core\PayPalHttpConnection : INFO: Response Status 	: 200
[25-07-2020 17:57:04] PayPal\Core\PayPalHttpConnection : INFO: POST https://api.sandbox.paypal.com/v1/oauth2/token
[25-07-2020 17:57:05] PayPal\Core\PayPalHttpConnection : INFO: Response Status 	: 200
[25-07-2020 17:57:05] PayPal\Core\PayPalHttpConnection : INFO: POST https://api.sandbox.paypal.com/v1/payments/payment
[25-07-2020 17:57:06] PayPal\Core\PayPalHttpConnection : INFO: Response Status 	: 201
[25-07-2020 17:57:41] PayPal\Core\PayPalHttpConnection : INFO: POST https://api.sandbox.paypal.com/v1/oauth2/token
[25-07-2020 17:57:42] PayPal\Core\PayPalHttpConnection : INFO: Response Status 	: 200
[25-07-2020 17:57:42] PayPal\Core\PayPalHttpConnection : INFO: GET https://api.sandbox.paypal.com/v1/payments/payment/PAYID-L4OCKGI8YT7500491564972U
[25-07-2020 17:57:42] PayPal\Core\PayPalHttpConnection : INFO: Response Status 	: 200
[25-07-2020 17:57:42] PayPal\Core\PayPalHttpConnection : INFO: POST https://api.sandbox.paypal.com/v1/payments/payment/PAYID-L4OCKGI8YT7500491564972U/execute
[25-07-2020 17:57:45] PayPal\Core\PayPalHttpConnection : INFO: Response Status 	: 200
[25-07-2020 18:16:21] PayPal\Core\PayPalHttpConnection : INFO: POST https://api.sandbox.paypal.com/v1/oauth2/token
[25-07-2020 18:16:21] PayPal\Core\PayPalHttpConnection : INFO: Response Status 	: 200
[25-07-2020 18:16:21] PayPal\Core\PayPalHttpConnection : INFO: POST https://api.sandbox.paypal.com/v1/payments/payment
[25-07-2020 18:16:22] PayPal\Core\PayPalHttpConnection : INFO: Response Status 	: 201
[25-07-2020 18:18:20] PayPal\Core\PayPalHttpConnection : INFO: POST https://api.sandbox.paypal.com/v1/oauth2/token
[25-07-2020 18:18:20] PayPal\Core\PayPalHttpConnection : INFO: Response Status 	: 200
[25-07-2020 18:18:20] PayPal\Core\PayPalHttpConnection : INFO: GET https://api.sandbox.paypal.com/v1/payments/payment/PAYID-L4OCTHQ4XY64587YK696033N
[25-07-2020 18:18:21] PayPal\Core\PayPalHttpConnection : INFO: Response Status 	: 200
[25-07-2020 18:18:21] PayPal\Core\PayPalHttpConnection : INFO: POST https://api.sandbox.paypal.com/v1/payments/payment/PAYID-L4OCTHQ4XY64587YK696033N/execute
[25-07-2020 18:18:23] PayPal\Core\PayPalHttpConnection : INFO: Response Status 	: 200
[25-07-2020 18:21:16] PayPal\Core\PayPalHttpConnection : INFO: POST https://api.sandbox.paypal.com/v1/oauth2/token
[25-07-2020 18:21:17] PayPal\Core\PayPalHttpConnection : INFO: Response Status 	: 200
[25-07-2020 18:21:17] PayPal\Core\PayPalHttpConnection : INFO: POST https://api.sandbox.paypal.com/v1/payments/payment
[25-07-2020 18:21:18] PayPal\Core\PayPalHttpConnection : INFO: Response Status 	: 201
[25-07-2020 18:22:16] PayPal\Core\PayPalHttpConnection : INFO: POST https://api.sandbox.paypal.com/v1/oauth2/token
[25-07-2020 18:22:17] PayPal\Core\PayPalHttpConnection : INFO: Response Status 	: 200
[25-07-2020 18:22:17] PayPal\Core\PayPalHttpConnection : INFO: GET https://api.sandbox.paypal.com/v1/payments/payment/PAYID-L4OCVRQ3J775282X6625041W
[25-07-2020 18:22:17] PayPal\Core\PayPalHttpConnection : INFO: Response Status 	: 200
[25-07-2020 18:22:17] PayPal\Core\PayPalHttpConnection : INFO: POST https://api.sandbox.paypal.com/v1/payments/payment/PAYID-L4OCVRQ3J775282X6625041W/execute
[25-07-2020 18:22:19] PayPal\Core\PayPalHttpConnection : INFO: Response Status 	: 200
[27-07-2020 10:36:43] PayPal\Core\PayPalHttpConnection : INFO: POST https://api.sandbox.paypal.com/v1/oauth2/token
[27-07-2020 10:36:44] PayPal\Core\PayPalHttpConnection : INFO: Response Status 	: 200
[27-07-2020 10:36:44] PayPal\Core\PayPalHttpConnection : INFO: POST https://api.sandbox.paypal.com/v1/payments/payment
[27-07-2020 10:36:45] PayPal\Core\PayPalHttpConnection : INFO: Response Status 	: 201
[27-07-2020 10:37:23] PayPal\Core\PayPalHttpConnection : INFO: POST https://api.sandbox.paypal.com/v1/oauth2/token
[27-07-2020 10:37:24] PayPal\Core\PayPalHttpConnection : INFO: Response Status 	: 200
[27-07-2020 10:37:24] PayPal\Core\PayPalHttpConnection : INFO: GET https://api.sandbox.paypal.com/v1/payments/payment/PAYID-L4PGBZI1NC31270EM2508911
[27-07-2020 10:37:24] PayPal\Core\PayPalHttpConnection : INFO: Response Status 	: 200
[27-07-2020 10:37:24] PayPal\Core\PayPalHttpConnection : INFO: POST https://api.sandbox.paypal.com/v1/payments/payment/PAYID-L4PGBZI1NC31270EM2508911/execute
[27-07-2020 10:37:26] PayPal\Core\PayPalHttpConnection : INFO: Response Status 	: 200
[07-08-2020 11:33:32] PayPal\Core\PayPalHttpConnection : INFO: POST https://api.sandbox.paypal.com/v1/oauth2/token
[07-08-2020 11:33:32] PayPal\Core\PayPalHttpConnection : INFO: Response Status 	: 200
[07-08-2020 11:33:32] PayPal\Core\PayPalHttpConnection : INFO: POST https://api.sandbox.paypal.com/v1/payments/payment
[07-08-2020 11:33:33] PayPal\Core\PayPalHttpConnection : INFO: Response Status 	: 201
[07-08-2020 11:47:58] PayPal\Core\PayPalHttpConnection : INFO: POST https://api.sandbox.paypal.com/v1/oauth2/token
[07-08-2020 11:47:59] PayPal\Core\PayPalHttpConnection : INFO: Response Status 	: 200
[07-08-2020 11:47:59] PayPal\Core\PayPalHttpConnection : INFO: GET https://api.sandbox.paypal.com/v1/payments/payment/PAYID-L4WO5NI26R05814X7875221A
[07-08-2020 11:47:59] PayPal\Core\PayPalHttpConnection : INFO: Response Status 	: 200
[07-08-2020 11:47:59] PayPal\Core\PayPalHttpConnection : INFO: POST https://api.sandbox.paypal.com/v1/payments/payment/PAYID-L4WO5NI26R05814X7875221A/execute
[07-08-2020 11:48:01] PayPal\Core\PayPalHttpConnection : INFO: Response Status 	: 200
[07-08-2020 11:56:39] PayPal\Core\PayPalHttpConnection : INFO: POST https://api.sandbox.paypal.com/v1/oauth2/token
[07-08-2020 11:56:39] PayPal\Core\PayPalHttpConnection : INFO: Response Status 	: 200
[07-08-2020 11:56:39] PayPal\Core\PayPalHttpConnection : INFO: POST https://api.sandbox.paypal.com/v1/payments/payment
[07-08-2020 11:56:40] PayPal\Core\PayPalHttpConnection : INFO: Response Status 	: 201
[16-09-2020 11:20:23] PayPal\Core\PayPalHttpConnection : INFO: POST https://api.sandbox.paypal.com/v1/oauth2/token
[16-09-2020 11:20:24] PayPal\Core\PayPalHttpConnection : INFO: Response Status 	: 200
[16-09-2020 11:20:24] PayPal\Core\PayPalHttpConnection : INFO: POST https://api.sandbox.paypal.com/v1/payments/payment
[16-09-2020 11:20:25] PayPal\Core\PayPalHttpConnection : INFO: Response Status 	: 201
[16-09-2020 11:24:04] PayPal\Core\PayPalHttpConnection : INFO: POST https://api.sandbox.paypal.com/v1/oauth2/token
[16-09-2020 11:24:05] PayPal\Core\PayPalHttpConnection : INFO: Response Status 	: 200
[16-09-2020 11:24:05] PayPal\Core\PayPalHttpConnection : INFO: POST https://api.sandbox.paypal.com/v1/payments/payment
[16-09-2020 11:24:06] PayPal\Core\PayPalHttpConnection : INFO: Response Status 	: 201
[16-09-2020 11:48:23] PayPal\Core\PayPalHttpConnection : INFO: POST https://api.sandbox.paypal.com/v1/oauth2/token
[16-09-2020 11:48:24] PayPal\Core\PayPalHttpConnection : INFO: Response Status 	: 200
[16-09-2020 11:48:24] PayPal\Core\PayPalHttpConnection : INFO: POST https://api.sandbox.paypal.com/v1/payments/payment
[16-09-2020 11:48:25] PayPal\Core\PayPalHttpConnection : INFO: Response Status 	: 201
[16-09-2020 11:48:55] PayPal\Core\PayPalHttpConnection : INFO: POST https://api.sandbox.paypal.com/v1/oauth2/token
[16-09-2020 11:48:55] PayPal\Core\PayPalHttpConnection : INFO: Response Status 	: 200
[16-09-2020 11:48:55] PayPal\Core\PayPalHttpConnection : INFO: POST https://api.sandbox.paypal.com/v1/payments/payment
[16-09-2020 11:48:56] PayPal\Core\PayPalHttpConnection : INFO: Response Status 	: 201
[16-09-2020 11:53:27] PayPal\Core\PayPalHttpConnection : INFO: POST https://api.sandbox.paypal.com/v1/oauth2/token
[16-09-2020 11:53:27] PayPal\Core\PayPalHttpConnection : INFO: Response Status 	: 200
[16-09-2020 11:53:27] PayPal\Core\PayPalHttpConnection : INFO: POST https://api.sandbox.paypal.com/v1/payments/payment
[16-09-2020 11:53:28] PayPal\Core\PayPalHttpConnection : INFO: Response Status 	: 201
[16-09-2020 12:07:19] PayPal\Core\PayPalHttpConnection : INFO: POST https://api.sandbox.paypal.com/v1/oauth2/token
[16-09-2020 12:07:19] PayPal\Core\PayPalHttpConnection : INFO: Response Status 	: 200
[16-09-2020 12:07:19] PayPal\Core\PayPalHttpConnection : INFO: GET https://api.sandbox.paypal.com/v1/payments/payment/PAYID-L5Q26YA8W472156E6391083U
[16-09-2020 12:07:20] PayPal\Core\PayPalHttpConnection : INFO: Response Status 	: 200
[16-09-2020 12:07:20] PayPal\Core\PayPalHttpConnection : INFO: POST https://api.sandbox.paypal.com/v1/payments/payment/PAYID-L5Q26YA8W472156E6391083U/execute
[16-09-2020 12:07:22] PayPal\Core\PayPalHttpConnection : INFO: Response Status 	: 200
[28-09-2020 17:03:26] PayPal\Core\PayPalHttpConnection : INFO: POST https://api.sandbox.paypal.com/v1/oauth2/token
[28-09-2020 17:03:27] PayPal\Core\PayPalHttpConnection : INFO: Response Status 	: 200
[28-09-2020 17:03:27] PayPal\Core\PayPalHttpConnection : INFO: POST https://api.sandbox.paypal.com/v1/payments/payment
[28-09-2020 17:03:27] PayPal\Core\PayPalHttpConnection : INFO: Response Status 	: 201
[12-11-2020 17:04:01] PayPal\Core\PayPalHttpConnection : INFO: POST https://api.sandbox.paypal.com/v1/oauth2/token
[12-11-2020 17:04:03] PayPal\Core\PayPalHttpConnection : INFO: Response Status 	: 200
[12-11-2020 17:04:03] PayPal\Core\PayPalHttpConnection : INFO: POST https://api.sandbox.paypal.com/v1/payments/payment
[12-11-2020 17:04:04] PayPal\Core\PayPalHttpConnection : INFO: Response Status 	: 201
[12-11-2020 17:07:11] PayPal\Core\PayPalHttpConnection : INFO: POST https://api.sandbox.paypal.com/v1/oauth2/token
[12-11-2020 17:07:11] PayPal\Core\PayPalHttpConnection : INFO: Response Status 	: 200
[12-11-2020 17:07:11] PayPal\Core\PayPalHttpConnection : INFO: GET https://api.sandbox.paypal.com/v1/payments/payment/PAYID-L6WR3LA1Y343304G5105311E
[12-11-2020 17:07:11] PayPal\Core\PayPalHttpConnection : INFO: Response Status 	: 200
[12-11-2020 17:07:11] PayPal\Core\PayPalHttpConnection : INFO: POST https://api.sandbox.paypal.com/v1/payments/payment/PAYID-L6WR3LA1Y343304G5105311E/execute
[12-11-2020 17:07:13] PayPal\Core\PayPalHttpConnection : INFO: Response Status 	: 200
